[1.275s] Invoking command in '/home/raaid/linorobot2_ws/build/linorobot2': CMAKE_PREFIX_PATH=${CMAKE_PREFIX_PATH}:/home/raaid/ros2_ws/install/my_tf_pkg:/home/raaid/ros2_ws/install/my_py_pkg:/home/raaid/ros2_ws/src/install/my_tf_pkg:/home/raaid/ros2_ws/src/install/my_py_pkg:/home/raaid/microros_ws/install/sensor_msgs_py:/opt/ros/humble /usr/bin/cmake --build /home/raaid/linorobot2_ws/build/linorobot2 -- -j7 -l7
[1.647s] Invoked command in '/home/raaid/linorobot2_ws/build/linorobot2' returned '0': CMAKE_PREFIX_PATH=${CMAKE_PREFIX_PATH}:/home/raaid/ros2_ws/install/my_tf_pkg:/home/raaid/ros2_ws/install/my_py_pkg:/home/raaid/ros2_ws/src/install/my_tf_pkg:/home/raaid/ros2_ws/src/install/my_py_pkg:/home/raaid/microros_ws/install/sensor_msgs_py:/opt/ros/humble /usr/bin/cmake --build /home/raaid/linorobot2_ws/build/linorobot2 -- -j7 -l7
[1.861s] Invoking command in '/home/raaid/linorobot2_ws/build/linorobot2': CMAKE_PREFIX_PATH=${CMAKE_PREFIX_PATH}:/home/raaid/ros2_ws/install/my_tf_pkg:/home/raaid/ros2_ws/install/my_py_pkg:/home/raaid/ros2_ws/src/install/my_tf_pkg:/home/raaid/ros2_ws/src/install/my_py_pkg:/home/raaid/microros_ws/install/sensor_msgs_py:/opt/ros/humble /usr/bin/cmake --install /home/raaid/linorobot2_ws/build/linorobot2
[1.951s] -- Install configuration: ""
[1.951s] -- Up-to-date: /home/raaid/linorobot2_ws/install/linorobot2/share/ament_index/resource_index/package_run_dependencies/linorobot2
[1.951s] -- Up-to-date: /home/raaid/linorobot2_ws/install/linorobot2/share/ament_index/resource_index/parent_prefix_path/linorobot2
[1.951s] -- Up-to-date: /home/raaid/linorobot2_ws/install/linorobot2/share/linorobot2/environment/ament_prefix_path.sh
[1.951s] -- Up-to-date: /home/raaid/linorobot2_ws/install/linorobot2/share/linorobot2/environment/ament_prefix_path.dsv
[1.951s] -- Up-to-date: /home/raaid/linorobot2_ws/install/linorobot2/share/linorobot2/environment/path.sh
[1.951s] -- Up-to-date: /home/raaid/linorobot2_ws/install/linorobot2/share/linorobot2/environment/path.dsv
[1.951s] -- Up-to-date: /home/raaid/linorobot2_ws/install/linorobot2/share/linorobot2/local_setup.bash
[1.951s] -- Up-to-date: /home/raaid/linorobot2_ws/install/linorobot2/share/linorobot2/local_setup.sh
[1.951s] -- Up-to-date: /home/raaid/linorobot2_ws/install/linorobot2/share/linorobot2/local_setup.zsh
[1.951s] -- Up-to-date: /home/raaid/linorobot2_ws/install/linorobot2/share/linorobot2/local_setup.dsv
[1.952s] -- Installing: /home/raaid/linorobot2_ws/install/linorobot2/share/linorobot2/package.dsv
[1.952s] -- Up-to-date: /home/raaid/linorobot2_ws/install/linorobot2/share/ament_index/resource_index/packages/linorobot2
[1.952s] -- Up-to-date: /home/raaid/linorobot2_ws/install/linorobot2/share/linorobot2/cmake/linorobot2Config.cmake
[1.952s] -- Up-to-date: /home/raaid/linorobot2_ws/install/linorobot2/share/linorobot2/cmake/linorobot2Config-version.cmake
[1.952s] -- Up-to-date: /home/raaid/linorobot2_ws/install/linorobot2/share/linorobot2/package.xml
[2.087s] Invoked command in '/home/raaid/linorobot2_ws/build/linorobot2' returned '0': CMAKE_PREFIX_PATH=${CMAKE_PREFIX_PATH}:/home/raaid/ros2_ws/install/my_tf_pkg:/home/raaid/ros2_ws/install/my_py_pkg:/home/raaid/ros2_ws/src/install/my_tf_pkg:/home/raaid/ros2_ws/src/install/my_py_pkg:/home/raaid/microros_ws/install/sensor_msgs_py:/opt/ros/humble /usr/bin/cmake --install /home/raaid/linorobot2_ws/build/linorobot2
