[1.322s] Invoking command in '/home/raaid/linorobot2_ws/build/linorobot2_base': CMAKE_PREFIX_PATH=${CMAKE_PREFIX_PATH}:/home/raaid/ros2_ws/install/my_tf_pkg:/home/raaid/ros2_ws/install/my_py_pkg:/home/raaid/ros2_ws/src/install/my_tf_pkg:/home/raaid/ros2_ws/src/install/my_py_pkg:/home/raaid/microros_ws/install/sensor_msgs_py:/opt/ros/humble /usr/bin/cmake --build /home/raaid/linorobot2_ws/build/linorobot2_base -- -j7 -l7
[1.557s] Invoked command in '/home/raaid/linorobot2_ws/build/linorobot2_base' returned '0': CMAKE_PREFIX_PATH=${CMAKE_PREFIX_PATH}:/home/raaid/ros2_ws/install/my_tf_pkg:/home/raaid/ros2_ws/install/my_py_pkg:/home/raaid/ros2_ws/src/install/my_tf_pkg:/home/raaid/ros2_ws/src/install/my_py_pkg:/home/raaid/microros_ws/install/sensor_msgs_py:/opt/ros/humble /usr/bin/cmake --build /home/raaid/linorobot2_ws/build/linorobot2_base -- -j7 -l7
[1.760s] Invoking command in '/home/raaid/linorobot2_ws/build/linorobot2_base': CMAKE_PREFIX_PATH=${CMAKE_PREFIX_PATH}:/home/raaid/ros2_ws/install/my_tf_pkg:/home/raaid/ros2_ws/install/my_py_pkg:/home/raaid/ros2_ws/src/install/my_tf_pkg:/home/raaid/ros2_ws/src/install/my_py_pkg:/home/raaid/microros_ws/install/sensor_msgs_py:/opt/ros/humble /usr/bin/cmake --install /home/raaid/linorobot2_ws/build/linorobot2_base
[1.851s] -- Install configuration: ""
[1.874s] -- Up-to-date: /home/raaid/linorobot2_ws/install/linorobot2_base/share/linorobot2_base/config
[1.874s] -- Up-to-date: /home/raaid/linorobot2_ws/install/linorobot2_base/share/linorobot2_base/config/ekf.yaml
[1.874s] -- Up-to-date: /home/raaid/linorobot2_ws/install/linorobot2_base/share/ament_index/resource_index/package_run_dependencies/linorobot2_base
[1.874s] -- Up-to-date: /home/raaid/linorobot2_ws/install/linorobot2_base/share/ament_index/resource_index/parent_prefix_path/linorobot2_base
[1.874s] -- Up-to-date: /home/raaid/linorobot2_ws/install/linorobot2_base/share/linorobot2_base/environment/ament_prefix_path.sh
[1.874s] -- Up-to-date: /home/raaid/linorobot2_ws/install/linorobot2_base/share/linorobot2_base/environment/ament_prefix_path.dsv
[1.874s] -- Up-to-date: /home/raaid/linorobot2_ws/install/linorobot2_base/share/linorobot2_base/environment/path.sh
[1.874s] -- Up-to-date: /home/raaid/linorobot2_ws/install/linorobot2_base/share/linorobot2_base/environment/path.dsv
[1.874s] -- Up-to-date: /home/raaid/linorobot2_ws/install/linorobot2_base/share/linorobot2_base/local_setup.bash
[1.874s] -- Up-to-date: /home/raaid/linorobot2_ws/install/linorobot2_base/share/linorobot2_base/local_setup.sh
[1.874s] -- Up-to-date: /home/raaid/linorobot2_ws/install/linorobot2_base/share/linorobot2_base/local_setup.zsh
[1.874s] -- Up-to-date: /home/raaid/linorobot2_ws/install/linorobot2_base/share/linorobot2_base/local_setup.dsv
[1.874s] -- Installing: /home/raaid/linorobot2_ws/install/linorobot2_base/share/linorobot2_base/package.dsv
[1.874s] -- Up-to-date: /home/raaid/linorobot2_ws/install/linorobot2_base/share/ament_index/resource_index/packages/linorobot2_base
[1.874s] -- Up-to-date: /home/raaid/linorobot2_ws/install/linorobot2_base/share/linorobot2_base/cmake/linorobot2_baseConfig.cmake
[1.874s] -- Up-to-date: /home/raaid/linorobot2_ws/install/linorobot2_base/share/linorobot2_base/cmake/linorobot2_baseConfig-version.cmake
[1.874s] -- Up-to-date: /home/raaid/linorobot2_ws/install/linorobot2_base/share/linorobot2_base/package.xml
[2.182s] Invoked command in '/home/raaid/linorobot2_ws/build/linorobot2_base' returned '0': CMAKE_PREFIX_PATH=${CMAKE_PREFIX_PATH}:/home/raaid/ros2_ws/install/my_tf_pkg:/home/raaid/ros2_ws/install/my_py_pkg:/home/raaid/ros2_ws/src/install/my_tf_pkg:/home/raaid/ros2_ws/src/install/my_py_pkg:/home/raaid/microros_ws/install/sensor_msgs_py:/opt/ros/humble /usr/bin/cmake --install /home/raaid/linorobot2_ws/build/linorobot2_base
