[0.073s] Invoking command in '/home/raaid/linorobot2_ws/build/micro_ros_msgs': CMAKE_PREFIX_PATH=${CMAKE_PREFIX_PATH}:/home/raaid/ros2_ws/install/my_tf_pkg:/home/raaid/ros2_ws/install/my_py_pkg:/home/raaid/ros2_ws/src/install/my_tf_pkg:/home/raaid/ros2_ws/src/install/my_py_pkg:/home/raaid/microros_ws/install/sensor_msgs_py:/opt/ros/humble /usr/bin/cmake /home/raaid/linorobot2_ws/src/uros/micro_ros_msgs -DCMAKE_INSTALL_PREFIX=/home/raaid/linorobot2_ws/install/micro_ros_msgs
[0.349s] -- The C compiler identification is GNU 11.4.0
[0.612s] -- The CXX compiler identification is GNU 11.4.0
[0.625s] -- Detecting C compiler ABI info
[1.376s] -- Detecting C compiler ABI info - done
[1.454s] -- Check for working C compiler: /usr/bin/cc - skipped
[1.454s] -- Detecting C compile features
[1.454s] -- Detecting C compile features - done
[1.454s] -- Detecting CXX compiler ABI info
[2.071s] -- Detecting CXX compiler ABI info - done
[2.089s] -- Check for working CXX compiler: /usr/bin/c++ - skipped
[2.089s] -- Detecting CXX compile features
[2.095s] -- Detecting CXX compile features - done
[2.113s] -- Found ament_cmake: 1.3.9 (/opt/ros/humble/share/ament_cmake/cmake)
[2.534s] -- Found Python3: /usr/bin/python3 (found version "3.10.12") found components: Interpreter 
[2.833s] -- Found rosidl_default_generators: 1.2.0 (/opt/ros/humble/share/rosidl_default_generators/cmake)
[2.865s] -- Using all available rosidl_typesupport_c: rosidl_typesupport_microxrcedds_c;rosidl_typesupport_fastrtps_c;rosidl_typesupport_introspection_c
[2.897s] -- Found rosidl_adapter: 3.1.5 (/opt/ros/humble/share/rosidl_adapter/cmake)
[3.073s] -- Using all available rosidl_typesupport_cpp: rosidl_typesupport_microxrcedds_cpp;rosidl_typesupport_fastrtps_cpp;rosidl_typesupport_introspection_cpp
[3.224s] -- Found ament_lint_auto: 0.12.11 (/opt/ros/humble/share/ament_lint_auto/cmake)
[3.745s] -- Found ament_cmake_ros: 0.10.0 (/opt/ros/humble/share/ament_cmake_ros/cmake)
[4.163s] -- Using all available rosidl_typesupport_c: rosidl_typesupport_microxrcedds_c;rosidl_typesupport_fastrtps_c;rosidl_typesupport_introspection_c
[4.715s] -- Using all available rosidl_typesupport_cpp: rosidl_typesupport_microxrcedds_cpp;rosidl_typesupport_fastrtps_cpp;rosidl_typesupport_introspection_cpp
[4.753s] -- Found PythonInterp: /usr/bin/python3 (found suitable version "3.10.12", minimum required is "3.6") 
[4.764s] -- Found python_cmake_module: 0.10.0 (/opt/ros/humble/share/python_cmake_module/cmake)
[4.811s] -- Found PythonLibs: /usr/lib/x86_64-linux-gnu/libpython3.10.so (found suitable version "3.10.12", minimum required is "3.5") 
[4.811s] -- Using PYTHON_EXECUTABLE: /usr/bin/python3
[4.811s] -- Using PYTHON_INCLUDE_DIRS: /usr/include/python3.10
[4.812s] -- Using PYTHON_LIBRARIES: /usr/lib/x86_64-linux-gnu/libpython3.10.so
[4.847s] -- Found PythonExtra: .so  
[4.991s] -- Added test 'copyright' to check source files copyright and LICENSE
[4.997s] -- Added test 'lint_cmake' to check CMake code style
[5.002s] -- Added test 'xmllint' to check XML markup files
[5.012s] -- Configuring done
[5.055s] -- Generating done
[5.057s] -- Build files have been written to: /home/raaid/linorobot2_ws/build/micro_ros_msgs
[5.074s] Invoked command in '/home/raaid/linorobot2_ws/build/micro_ros_msgs' returned '0': CMAKE_PREFIX_PATH=${CMAKE_PREFIX_PATH}:/home/raaid/ros2_ws/install/my_tf_pkg:/home/raaid/ros2_ws/install/my_py_pkg:/home/raaid/ros2_ws/src/install/my_tf_pkg:/home/raaid/ros2_ws/src/install/my_py_pkg:/home/raaid/microros_ws/install/sensor_msgs_py:/opt/ros/humble /usr/bin/cmake /home/raaid/linorobot2_ws/src/uros/micro_ros_msgs -DCMAKE_INSTALL_PREFIX=/home/raaid/linorobot2_ws/install/micro_ros_msgs
[5.076s] Invoking command in '/home/raaid/linorobot2_ws/build/micro_ros_msgs': CMAKE_PREFIX_PATH=${CMAKE_PREFIX_PATH}:/home/raaid/ros2_ws/install/my_tf_pkg:/home/raaid/ros2_ws/install/my_py_pkg:/home/raaid/ros2_ws/src/install/my_tf_pkg:/home/raaid/ros2_ws/src/install/my_py_pkg:/home/raaid/microros_ws/install/sensor_msgs_py:/opt/ros/humble /usr/bin/cmake --build /home/raaid/linorobot2_ws/build/micro_ros_msgs -- -j7 -l7
[5.325s] [  1%] [34m[1mGenerating C code for ROS interfaces[0m
[5.427s] [  3%] [34m[1mGenerating C++ code for ROS interfaces[0m
[5.491s] [  3%] Built target ament_cmake_python_copy_micro_ros_msgs
[6.045s] running egg_info
[6.046s] creating micro_ros_msgs.egg-info
[6.046s] writing micro_ros_msgs.egg-info/PKG-INFO
[6.047s] writing dependency_links to micro_ros_msgs.egg-info/dependency_links.txt
[6.047s] writing top-level names to micro_ros_msgs.egg-info/top_level.txt
[6.048s] writing manifest file 'micro_ros_msgs.egg-info/SOURCES.txt'
[6.050s] reading manifest file 'micro_ros_msgs.egg-info/SOURCES.txt'
[6.051s] writing manifest file 'micro_ros_msgs.egg-info/SOURCES.txt'
[6.104s] [  5%] [32mBuilding C object CMakeFiles/micro_ros_msgs__rosidl_generator_c.dir/rosidl_generator_c/micro_ros_msgs/msg/detail/graph__functions.c.o[0m
[6.111s] [  5%] Built target ament_cmake_python_build_micro_ros_msgs_egg
[6.124s] [  6%] [32mBuilding C object CMakeFiles/micro_ros_msgs__rosidl_generator_c.dir/rosidl_generator_c/micro_ros_msgs/msg/detail/node__functions.c.o[0m
[6.126s] [  8%] [32mBuilding C object CMakeFiles/micro_ros_msgs__rosidl_generator_c.dir/rosidl_generator_c/micro_ros_msgs/msg/detail/entity__functions.c.o[0m
[6.130s] [  8%] Built target micro_ros_msgs__cpp
[6.149s] [ 10%] [34m[1mGenerating C++ type support for eProsima Micro XRCE-DDS[0m
[6.152s] [ 11%] [34m[1mGenerating C++ type support for eProsima Fast-RTPS[0m
[6.154s] [ 13%] [34m[1mGenerating C++ introspection for ROS interfaces[0m
[6.163s] [ 15%] [34m[1mGenerating C++ type support dispatch for ROS interfaces[0m
[6.218s] [ 16%] [32m[1mLinking C shared library libmicro_ros_msgs__rosidl_generator_c.so[0m
[6.288s] [ 16%] Built target micro_ros_msgs__rosidl_generator_c
[6.310s] [ 18%] [34m[1mGenerating C type support for eProsima Micro XRCE-DDS[0m
[6.315s] [ 20%] [34m[1mGenerating C type support for eProsima Fast-RTPS[0m
[6.331s] [ 22%] [34m[1mGenerating C introspection for ROS interfaces[0m
[6.605s] [ 23%] [32mBuilding CXX object CMakeFiles/micro_ros_msgs__rosidl_typesupport_cpp.dir/rosidl_typesupport_cpp/micro_ros_msgs/msg/graph__type_support.cpp.o[0m
[6.625s] [ 25%] [32mBuilding CXX object CMakeFiles/micro_ros_msgs__rosidl_typesupport_fastrtps_cpp.dir/rosidl_typesupport_fastrtps_cpp/micro_ros_msgs/msg/detail/dds_fastrtps/graph__type_support.cpp.o[0m
[6.674s] [ 27%] [32mBuilding CXX object CMakeFiles/micro_ros_msgs__rosidl_typesupport_introspection_cpp.dir/rosidl_typesupport_introspection_cpp/micro_ros_msgs/msg/detail/graph__type_support.cpp.o[0m
[6.734s] [ 28%] [32mBuilding CXX object CMakeFiles/micro_ros_msgs__rosidl_typesupport_microxrcedds_cpp.dir/rosidl_typesupport_microxrcedds_cpp/micro_ros_msgs/msg/detail/microxrcedds/graph__type_support_cpp.cpp.o[0m
[6.735s] [ 30%] [32mBuilding C object CMakeFiles/micro_ros_msgs__rosidl_typesupport_microxrcedds_c.dir/rosidl_typesupport_microxrcedds_c/micro_ros_msgs/msg/detail/microxrcedds/graph__type_support_c.c.o[0m
[6.774s] [ 32%] [32mBuilding C object CMakeFiles/micro_ros_msgs__rosidl_typesupport_introspection_c.dir/rosidl_typesupport_introspection_c/micro_ros_msgs/msg/detail/graph__type_support.c.o[0m
[6.822s] [ 33%] [32mBuilding C object CMakeFiles/micro_ros_msgs__rosidl_typesupport_microxrcedds_c.dir/rosidl_typesupport_microxrcedds_c/micro_ros_msgs/msg/detail/microxrcedds/node__type_support_c.c.o[0m
[6.833s] [ 35%] [32mBuilding C object CMakeFiles/micro_ros_msgs__rosidl_typesupport_introspection_c.dir/rosidl_typesupport_introspection_c/micro_ros_msgs/msg/detail/node__type_support.c.o[0m
[6.850s] [ 37%] [32mBuilding CXX object CMakeFiles/micro_ros_msgs__rosidl_typesupport_fastrtps_c.dir/rosidl_typesupport_fastrtps_c/micro_ros_msgs/msg/detail/graph__type_support_c.cpp.o[0m
[6.874s] [ 38%] [32mBuilding CXX object CMakeFiles/micro_ros_msgs__rosidl_typesupport_cpp.dir/rosidl_typesupport_cpp/micro_ros_msgs/msg/node__type_support.cpp.o[0m
[6.925s] [ 40%] [32mBuilding C object CMakeFiles/micro_ros_msgs__rosidl_typesupport_introspection_c.dir/rosidl_typesupport_introspection_c/micro_ros_msgs/msg/detail/entity__type_support.c.o[0m
[6.940s] [ 42%] [32mBuilding C object CMakeFiles/micro_ros_msgs__rosidl_typesupport_microxrcedds_c.dir/rosidl_typesupport_microxrcedds_c/micro_ros_msgs/msg/detail/microxrcedds/entity__type_support_c.c.o[0m
[6.991s] [ 44%] [32m[1mLinking C shared library libmicro_ros_msgs__rosidl_typesupport_introspection_c.so[0m
[7.037s] [ 45%] [32m[1mLinking C shared library libmicro_ros_msgs__rosidl_typesupport_microxrcedds_c.so[0m
[7.107s] [ 47%] [32mBuilding CXX object CMakeFiles/micro_ros_msgs__rosidl_typesupport_fastrtps_cpp.dir/rosidl_typesupport_fastrtps_cpp/micro_ros_msgs/msg/detail/dds_fastrtps/node__type_support.cpp.o[0m
[7.114s] [ 47%] Built target micro_ros_msgs__rosidl_typesupport_introspection_c
[7.132s] [ 49%] [32mBuilding CXX object CMakeFiles/micro_ros_msgs__rosidl_typesupport_microxrcedds_cpp.dir/rosidl_typesupport_microxrcedds_cpp/micro_ros_msgs/msg/detail/microxrcedds/node__type_support_cpp.cpp.o[0m
[7.136s] [ 50%] [32mBuilding CXX object CMakeFiles/micro_ros_msgs__rosidl_typesupport_fastrtps_cpp.dir/rosidl_typesupport_fastrtps_cpp/micro_ros_msgs/msg/detail/dds_fastrtps/entity__type_support.cpp.o[0m
[7.163s] [ 52%] [32mBuilding CXX object CMakeFiles/micro_ros_msgs__rosidl_typesupport_cpp.dir/rosidl_typesupport_cpp/micro_ros_msgs/msg/entity__type_support.cpp.o[0m
[7.221s] [ 54%] [32mBuilding CXX object CMakeFiles/micro_ros_msgs__rosidl_typesupport_fastrtps_c.dir/rosidl_typesupport_fastrtps_c/micro_ros_msgs/msg/detail/node__type_support_c.cpp.o[0m
[7.231s] [ 54%] Built target micro_ros_msgs__rosidl_typesupport_microxrcedds_c
[7.251s] [ 55%] [32mBuilding CXX object CMakeFiles/micro_ros_msgs__rosidl_typesupport_introspection_cpp.dir/rosidl_typesupport_introspection_cpp/micro_ros_msgs/msg/detail/node__type_support.cpp.o[0m
[7.270s] [ 57%] [34m[1mGenerating C type support dispatch for ROS interfaces[0m
[7.516s] [ 59%] [32m[1mLinking CXX shared library libmicro_ros_msgs__rosidl_typesupport_cpp.so[0m
[7.560s] [ 61%] [32mBuilding CXX object CMakeFiles/micro_ros_msgs__rosidl_typesupport_fastrtps_c.dir/rosidl_typesupport_fastrtps_c/micro_ros_msgs/msg/detail/entity__type_support_c.cpp.o[0m
[7.597s] [ 62%] [32mBuilding CXX object CMakeFiles/micro_ros_msgs__rosidl_typesupport_microxrcedds_cpp.dir/rosidl_typesupport_microxrcedds_cpp/micro_ros_msgs/msg/detail/microxrcedds/entity__type_support_cpp.cpp.o[0m
[7.622s] [ 62%] Built target micro_ros_msgs__rosidl_typesupport_cpp
[7.652s] [ 64%] [32m[1mLinking CXX shared library libmicro_ros_msgs__rosidl_typesupport_fastrtps_cpp.so[0m
[7.668s] [ 66%] [32mBuilding CXX object CMakeFiles/micro_ros_msgs__rosidl_typesupport_c.dir/rosidl_typesupport_c/micro_ros_msgs/msg/graph__type_support.cpp.o[0m
[7.674s] [ 67%] [32mBuilding CXX object CMakeFiles/micro_ros_msgs__rosidl_typesupport_c.dir/rosidl_typesupport_c/micro_ros_msgs/msg/node__type_support.cpp.o[0m
[7.684s] [ 69%] [32mBuilding CXX object CMakeFiles/micro_ros_msgs__rosidl_typesupport_introspection_cpp.dir/rosidl_typesupport_introspection_cpp/micro_ros_msgs/msg/detail/entity__type_support.cpp.o[0m
[7.739s] [ 71%] [32mBuilding CXX object CMakeFiles/micro_ros_msgs__rosidl_typesupport_c.dir/rosidl_typesupport_c/micro_ros_msgs/msg/entity__type_support.cpp.o[0m
[7.779s] [ 72%] [32m[1mLinking CXX shared library libmicro_ros_msgs__rosidl_typesupport_c.so[0m
[7.779s] [ 72%] Built target micro_ros_msgs__rosidl_typesupport_fastrtps_cpp
[7.831s] [ 72%] Built target micro_ros_msgs__rosidl_typesupport_c
[7.905s] [ 74%] [32m[1mLinking CXX shared library libmicro_ros_msgs__rosidl_typesupport_microxrcedds_cpp.so[0m
[7.909s] [ 76%] [32m[1mLinking CXX shared library libmicro_ros_msgs__rosidl_typesupport_fastrtps_c.so[0m
[8.002s] [ 76%] Built target micro_ros_msgs__rosidl_typesupport_fastrtps_c
[8.009s] [ 76%] Built target micro_ros_msgs__rosidl_typesupport_microxrcedds_cpp
[8.076s] [ 77%] [32m[1mLinking CXX shared library libmicro_ros_msgs__rosidl_typesupport_introspection_cpp.so[0m
[8.160s] [ 77%] Built target micro_ros_msgs__rosidl_typesupport_introspection_cpp
[8.193s] [ 77%] Built target micro_ros_msgs
[8.228s] [ 79%] [34m[1mGenerating Python code for ROS interfaces[0m
[8.637s] [ 79%] Built target micro_ros_msgs__py
[8.674s] [ 81%] [32mBuilding C object CMakeFiles/micro_ros_msgs__rosidl_generator_py.dir/rosidl_generator_py/micro_ros_msgs/msg/_entity_s.c.o[0m
[8.675s] [ 83%] [32mBuilding C object CMakeFiles/micro_ros_msgs__rosidl_generator_py.dir/rosidl_generator_py/micro_ros_msgs/msg/_graph_s.c.o[0m
[8.675s] [ 84%] [32mBuilding C object CMakeFiles/micro_ros_msgs__rosidl_generator_py.dir/rosidl_generator_py/micro_ros_msgs/msg/_node_s.c.o[0m
[8.767s] [ 86%] [32m[1mLinking C shared library rosidl_generator_py/micro_ros_msgs/libmicro_ros_msgs__rosidl_generator_py.so[0m
[8.822s] [ 86%] Built target micro_ros_msgs__rosidl_generator_py
[8.858s] [ 88%] [32mBuilding C object CMakeFiles/micro_ros_msgs__rosidl_typesupport_introspection_c__pyext.dir/rosidl_generator_py/micro_ros_msgs/_micro_ros_msgs_s.ep.rosidl_typesupport_introspection_c.c.o[0m
[8.859s] [ 89%] [32mBuilding C object CMakeFiles/micro_ros_msgs__rosidl_typesupport_c__pyext.dir/rosidl_generator_py/micro_ros_msgs/_micro_ros_msgs_s.ep.rosidl_typesupport_c.c.o[0m
[8.862s] [ 91%] [32mBuilding C object CMakeFiles/micro_ros_msgs__rosidl_typesupport_fastrtps_c__pyext.dir/rosidl_generator_py/micro_ros_msgs/_micro_ros_msgs_s.ep.rosidl_typesupport_fastrtps_c.c.o[0m
[8.866s] [ 93%] [32mBuilding C object CMakeFiles/micro_ros_msgs__rosidl_typesupport_microxrcedds_c__pyext.dir/rosidl_generator_py/micro_ros_msgs/_micro_ros_msgs_s.ep.rosidl_typesupport_microxrcedds_c.c.o[0m
[8.956s] [ 94%] [32m[1mLinking C shared library rosidl_generator_py/micro_ros_msgs/micro_ros_msgs_s__rosidl_typesupport_c.cpython-310-x86_64-linux-gnu.so[0m
[8.958s] [ 96%] [32m[1mLinking C shared library rosidl_generator_py/micro_ros_msgs/micro_ros_msgs_s__rosidl_typesupport_introspection_c.cpython-310-x86_64-linux-gnu.so[0m
[8.966s] [ 98%] [32m[1mLinking C shared library rosidl_generator_py/micro_ros_msgs/micro_ros_msgs_s__rosidl_typesupport_fastrtps_c.cpython-310-x86_64-linux-gnu.so[0m
[8.974s] [100%] [32m[1mLinking C shared library rosidl_generator_py/micro_ros_msgs/micro_ros_msgs_s__rosidl_typesupport_microxrcedds_c.cpython-310-x86_64-linux-gnu.so[0m
[9.003s] [100%] Built target micro_ros_msgs__rosidl_typesupport_c__pyext
[9.006s] [100%] Built target micro_ros_msgs__rosidl_typesupport_introspection_c__pyext
[9.015s] [100%] Built target micro_ros_msgs__rosidl_typesupport_fastrtps_c__pyext
[9.034s] [100%] Built target micro_ros_msgs__rosidl_typesupport_microxrcedds_c__pyext
[9.055s] Invoked command in '/home/raaid/linorobot2_ws/build/micro_ros_msgs' returned '0': CMAKE_PREFIX_PATH=${CMAKE_PREFIX_PATH}:/home/raaid/ros2_ws/install/my_tf_pkg:/home/raaid/ros2_ws/install/my_py_pkg:/home/raaid/ros2_ws/src/install/my_tf_pkg:/home/raaid/ros2_ws/src/install/my_py_pkg:/home/raaid/microros_ws/install/sensor_msgs_py:/opt/ros/humble /usr/bin/cmake --build /home/raaid/linorobot2_ws/build/micro_ros_msgs -- -j7 -l7
[9.532s] Invoking command in '/home/raaid/linorobot2_ws/build/micro_ros_msgs': CMAKE_PREFIX_PATH=${CMAKE_PREFIX_PATH}:/home/raaid/ros2_ws/install/my_tf_pkg:/home/raaid/ros2_ws/install/my_py_pkg:/home/raaid/ros2_ws/src/install/my_tf_pkg:/home/raaid/ros2_ws/src/install/my_py_pkg:/home/raaid/microros_ws/install/sensor_msgs_py:/opt/ros/humble /usr/bin/cmake --install /home/raaid/linorobot2_ws/build/micro_ros_msgs
[9.547s] -- Install configuration: ""
[9.548s] -- Installing: /home/raaid/linorobot2_ws/install/micro_ros_msgs/share/ament_index/resource_index/rosidl_interfaces/micro_ros_msgs
[9.548s] -- Installing: /home/raaid/linorobot2_ws/install/micro_ros_msgs/include/micro_ros_msgs/micro_ros_msgs
[9.548s] -- Installing: /home/raaid/linorobot2_ws/install/micro_ros_msgs/include/micro_ros_msgs/micro_ros_msgs/msg
[9.548s] -- Installing: /home/raaid/linorobot2_ws/install/micro_ros_msgs/include/micro_ros_msgs/micro_ros_msgs/msg/graph.h
[9.548s] -- Installing: /home/raaid/linorobot2_ws/install/micro_ros_msgs/include/micro_ros_msgs/micro_ros_msgs/msg/detail
[9.548s] -- Installing: /home/raaid/linorobot2_ws/install/micro_ros_msgs/include/micro_ros_msgs/micro_ros_msgs/msg/detail/graph__struct.h
[9.548s] -- Installing: /home/raaid/linorobot2_ws/install/micro_ros_msgs/include/micro_ros_msgs/micro_ros_msgs/msg/detail/node__functions.h
[9.550s] -- Installing: /home/raaid/linorobot2_ws/install/micro_ros_msgs/include/micro_ros_msgs/micro_ros_msgs/msg/detail/graph__functions.c
[9.550s] -- Installing: /home/raaid/linorobot2_ws/install/micro_ros_msgs/include/micro_ros_msgs/micro_ros_msgs/msg/detail/entity__functions.c
[9.550s] -- Installing: /home/raaid/linorobot2_ws/install/micro_ros_msgs/include/micro_ros_msgs/micro_ros_msgs/msg/detail/graph__type_support.h
[9.551s] -- Installing: /home/raaid/linorobot2_ws/install/micro_ros_msgs/include/micro_ros_msgs/micro_ros_msgs/msg/detail/entity__struct.h
[9.551s] -- Installing: /home/raaid/linorobot2_ws/install/micro_ros_msgs/include/micro_ros_msgs/micro_ros_msgs/msg/detail/node__functions.c
[9.551s] -- Installing: /home/raaid/linorobot2_ws/install/micro_ros_msgs/include/micro_ros_msgs/micro_ros_msgs/msg/detail/entity__functions.h
[9.551s] -- Installing: /home/raaid/linorobot2_ws/install/micro_ros_msgs/include/micro_ros_msgs/micro_ros_msgs/msg/detail/entity__type_support.h
[9.551s] -- Installing: /home/raaid/linorobot2_ws/install/micro_ros_msgs/include/micro_ros_msgs/micro_ros_msgs/msg/detail/node__struct.h
[9.551s] -- Installing: /home/raaid/linorobot2_ws/install/micro_ros_msgs/include/micro_ros_msgs/micro_ros_msgs/msg/detail/graph__functions.h
[9.552s] -- Installing: /home/raaid/linorobot2_ws/install/micro_ros_msgs/include/micro_ros_msgs/micro_ros_msgs/msg/detail/node__type_support.h
[9.552s] -- Installing: /home/raaid/linorobot2_ws/install/micro_ros_msgs/include/micro_ros_msgs/micro_ros_msgs/msg/rosidl_generator_c__visibility_control.h
[9.552s] -- Installing: /home/raaid/linorobot2_ws/install/micro_ros_msgs/include/micro_ros_msgs/micro_ros_msgs/msg/entity.h
[9.552s] -- Installing: /home/raaid/linorobot2_ws/install/micro_ros_msgs/include/micro_ros_msgs/micro_ros_msgs/msg/node.h
[9.552s] -- Installing: /home/raaid/linorobot2_ws/install/micro_ros_msgs/share/micro_ros_msgs/environment/library_path.sh
[9.552s] -- Installing: /home/raaid/linorobot2_ws/install/micro_ros_msgs/share/micro_ros_msgs/environment/library_path.dsv
[9.553s] -- Installing: /home/raaid/linorobot2_ws/install/micro_ros_msgs/lib/libmicro_ros_msgs__rosidl_generator_c.so
[9.553s] -- Set runtime path of "/home/raaid/linorobot2_ws/install/micro_ros_msgs/lib/libmicro_ros_msgs__rosidl_generator_c.so" to ""
[9.553s] -- Up-to-date: /home/raaid/linorobot2_ws/install/micro_ros_msgs/include/micro_ros_msgs
[9.553s] -- Installing: /home/raaid/linorobot2_ws/install/micro_ros_msgs/include/micro_ros_msgs/msg
[9.553s] -- Installing: /home/raaid/linorobot2_ws/install/micro_ros_msgs/include/micro_ros_msgs/msg/rosidl_typesupport_microxrcedds_c__visibility_control.h
[9.553s] -- Installing: /home/raaid/linorobot2_ws/install/micro_ros_msgs/include/micro_ros_msgs/msg/detail
[9.554s] -- Installing: /home/raaid/linorobot2_ws/install/micro_ros_msgs/include/micro_ros_msgs/msg/detail/graph__rosidl_typesupport_microxrcedds_c.h
[9.554s] -- Installing: /home/raaid/linorobot2_ws/install/micro_ros_msgs/include/micro_ros_msgs/msg/detail/entity__rosidl_typesupport_microxrcedds_c.h
[9.554s] -- Installing: /home/raaid/linorobot2_ws/install/micro_ros_msgs/include/micro_ros_msgs/msg/detail/node__rosidl_typesupport_microxrcedds_c.h
[9.555s] -- Installing: /home/raaid/linorobot2_ws/install/micro_ros_msgs/include/micro_ros_msgs/msg/detail/microxrcedds
[9.555s] -- Installing: /home/raaid/linorobot2_ws/install/micro_ros_msgs/lib/libmicro_ros_msgs__rosidl_typesupport_microxrcedds_c.so
[9.555s] -- Set runtime path of "/home/raaid/linorobot2_ws/install/micro_ros_msgs/lib/libmicro_ros_msgs__rosidl_typesupport_microxrcedds_c.so" to ""
[9.555s] -- Up-to-date: /home/raaid/linorobot2_ws/install/micro_ros_msgs/include/micro_ros_msgs/micro_ros_msgs
[9.555s] -- Up-to-date: /home/raaid/linorobot2_ws/install/micro_ros_msgs/include/micro_ros_msgs/micro_ros_msgs/msg
[9.555s] -- Installing: /home/raaid/linorobot2_ws/install/micro_ros_msgs/include/micro_ros_msgs/micro_ros_msgs/msg/rosidl_typesupport_fastrtps_c__visibility_control.h
[9.555s] -- Up-to-date: /home/raaid/linorobot2_ws/install/micro_ros_msgs/include/micro_ros_msgs/micro_ros_msgs/msg/detail
[9.555s] -- Installing: /home/raaid/linorobot2_ws/install/micro_ros_msgs/include/micro_ros_msgs/micro_ros_msgs/msg/detail/entity__rosidl_typesupport_fastrtps_c.h
[9.555s] -- Installing: /home/raaid/linorobot2_ws/install/micro_ros_msgs/include/micro_ros_msgs/micro_ros_msgs/msg/detail/node__rosidl_typesupport_fastrtps_c.h
[9.555s] -- Installing: /home/raaid/linorobot2_ws/install/micro_ros_msgs/include/micro_ros_msgs/micro_ros_msgs/msg/detail/graph__rosidl_typesupport_fastrtps_c.h
[9.555s] -- Installing: /home/raaid/linorobot2_ws/install/micro_ros_msgs/lib/libmicro_ros_msgs__rosidl_typesupport_fastrtps_c.so
[9.556s] -- Set runtime path of "/home/raaid/linorobot2_ws/install/micro_ros_msgs/lib/libmicro_ros_msgs__rosidl_typesupport_fastrtps_c.so" to ""
[9.556s] -- Up-to-date: /home/raaid/linorobot2_ws/install/micro_ros_msgs/include/micro_ros_msgs/micro_ros_msgs
[9.556s] -- Up-to-date: /home/raaid/linorobot2_ws/install/micro_ros_msgs/include/micro_ros_msgs/micro_ros_msgs/msg
[9.556s] -- Installing: /home/raaid/linorobot2_ws/install/micro_ros_msgs/include/micro_ros_msgs/micro_ros_msgs/msg/rosidl_typesupport_introspection_c__visibility_control.h
[9.556s] -- Up-to-date: /home/raaid/linorobot2_ws/install/micro_ros_msgs/include/micro_ros_msgs/micro_ros_msgs/msg/detail
[9.556s] -- Installing: /home/raaid/linorobot2_ws/install/micro_ros_msgs/include/micro_ros_msgs/micro_ros_msgs/msg/detail/node__type_support.c
[9.556s] -- Installing: /home/raaid/linorobot2_ws/install/micro_ros_msgs/include/micro_ros_msgs/micro_ros_msgs/msg/detail/graph__rosidl_typesupport_introspection_c.h
[9.556s] -- Installing: /home/raaid/linorobot2_ws/install/micro_ros_msgs/include/micro_ros_msgs/micro_ros_msgs/msg/detail/graph__type_support.c
[9.556s] -- Installing: /home/raaid/linorobot2_ws/install/micro_ros_msgs/include/micro_ros_msgs/micro_ros_msgs/msg/detail/node__rosidl_typesupport_introspection_c.h
[9.556s] -- Installing: /home/raaid/linorobot2_ws/install/micro_ros_msgs/include/micro_ros_msgs/micro_ros_msgs/msg/detail/entity__rosidl_typesupport_introspection_c.h
[9.556s] -- Installing: /home/raaid/linorobot2_ws/install/micro_ros_msgs/include/micro_ros_msgs/micro_ros_msgs/msg/detail/entity__type_support.c
[9.556s] -- Installing: /home/raaid/linorobot2_ws/install/micro_ros_msgs/lib/libmicro_ros_msgs__rosidl_typesupport_introspection_c.so
[9.556s] -- Set runtime path of "/home/raaid/linorobot2_ws/install/micro_ros_msgs/lib/libmicro_ros_msgs__rosidl_typesupport_introspection_c.so" to ""
[9.556s] -- Installing: /home/raaid/linorobot2_ws/install/micro_ros_msgs/lib/libmicro_ros_msgs__rosidl_typesupport_c.so
[9.557s] -- Set runtime path of "/home/raaid/linorobot2_ws/install/micro_ros_msgs/lib/libmicro_ros_msgs__rosidl_typesupport_c.so" to ""
[9.557s] -- Up-to-date: /home/raaid/linorobot2_ws/install/micro_ros_msgs/include/micro_ros_msgs/micro_ros_msgs
[9.557s] -- Up-to-date: /home/raaid/linorobot2_ws/install/micro_ros_msgs/include/micro_ros_msgs/micro_ros_msgs/msg
[9.557s] -- Up-to-date: /home/raaid/linorobot2_ws/install/micro_ros_msgs/include/micro_ros_msgs/micro_ros_msgs/msg/detail
[9.557s] -- Installing: /home/raaid/linorobot2_ws/install/micro_ros_msgs/include/micro_ros_msgs/micro_ros_msgs/msg/detail/entity__builder.hpp
[9.557s] -- Installing: /home/raaid/linorobot2_ws/install/micro_ros_msgs/include/micro_ros_msgs/micro_ros_msgs/msg/detail/graph__traits.hpp
[9.557s] -- Installing: /home/raaid/linorobot2_ws/install/micro_ros_msgs/include/micro_ros_msgs/micro_ros_msgs/msg/detail/entity__traits.hpp
[9.557s] -- Installing: /home/raaid/linorobot2_ws/install/micro_ros_msgs/include/micro_ros_msgs/micro_ros_msgs/msg/detail/node__builder.hpp
[9.557s] -- Installing: /home/raaid/linorobot2_ws/install/micro_ros_msgs/include/micro_ros_msgs/micro_ros_msgs/msg/detail/node__struct.hpp
[9.558s] -- Installing: /home/raaid/linorobot2_ws/install/micro_ros_msgs/include/micro_ros_msgs/micro_ros_msgs/msg/detail/graph__struct.hpp
[9.558s] -- Installing: /home/raaid/linorobot2_ws/install/micro_ros_msgs/include/micro_ros_msgs/micro_ros_msgs/msg/detail/node__traits.hpp
[9.558s] -- Installing: /home/raaid/linorobot2_ws/install/micro_ros_msgs/include/micro_ros_msgs/micro_ros_msgs/msg/detail/entity__struct.hpp
[9.558s] -- Installing: /home/raaid/linorobot2_ws/install/micro_ros_msgs/include/micro_ros_msgs/micro_ros_msgs/msg/detail/graph__builder.hpp
[9.558s] -- Installing: /home/raaid/linorobot2_ws/install/micro_ros_msgs/include/micro_ros_msgs/micro_ros_msgs/msg/graph.hpp
[9.558s] -- Installing: /home/raaid/linorobot2_ws/install/micro_ros_msgs/include/micro_ros_msgs/micro_ros_msgs/msg/node.hpp
[9.558s] -- Installing: /home/raaid/linorobot2_ws/install/micro_ros_msgs/include/micro_ros_msgs/micro_ros_msgs/msg/entity.hpp
[9.558s] -- Up-to-date: /home/raaid/linorobot2_ws/install/micro_ros_msgs/include/micro_ros_msgs
[9.558s] -- Up-to-date: /home/raaid/linorobot2_ws/install/micro_ros_msgs/include/micro_ros_msgs/msg
[9.558s] -- Up-to-date: /home/raaid/linorobot2_ws/install/micro_ros_msgs/include/micro_ros_msgs/msg/detail
[9.559s] -- Installing: /home/raaid/linorobot2_ws/install/micro_ros_msgs/include/micro_ros_msgs/msg/detail/node__rosidl_typesupport_microxrcedds_cpp.hpp
[9.559s] -- Installing: /home/raaid/linorobot2_ws/install/micro_ros_msgs/include/micro_ros_msgs/msg/detail/entity__rosidl_typesupport_microxrcedds_cpp.hpp
[9.559s] -- Installing: /home/raaid/linorobot2_ws/install/micro_ros_msgs/include/micro_ros_msgs/msg/detail/graph__rosidl_typesupport_microxrcedds_cpp.hpp
[9.559s] -- Up-to-date: /home/raaid/linorobot2_ws/install/micro_ros_msgs/include/micro_ros_msgs/msg/detail/microxrcedds
[9.559s] -- Installing: /home/raaid/linorobot2_ws/install/micro_ros_msgs/include/micro_ros_msgs/msg/detail/microxrcedds/entity__type_support_cpp.cpp
[9.559s] -- Installing: /home/raaid/linorobot2_ws/install/micro_ros_msgs/include/micro_ros_msgs/msg/detail/microxrcedds/graph__type_support_cpp.cpp
[9.560s] -- Installing: /home/raaid/linorobot2_ws/install/micro_ros_msgs/include/micro_ros_msgs/msg/detail/microxrcedds/node__type_support_cpp.cpp
[9.560s] -- Installing: /home/raaid/linorobot2_ws/install/micro_ros_msgs/include/micro_ros_msgs/msg/rosidl_typesupport_microxrcedds_cpp__visibility_control.h
[9.560s] -- Installing: /home/raaid/linorobot2_ws/install/micro_ros_msgs/lib/libmicro_ros_msgs__rosidl_typesupport_microxrcedds_cpp.so
[9.560s] -- Set runtime path of "/home/raaid/linorobot2_ws/install/micro_ros_msgs/lib/libmicro_ros_msgs__rosidl_typesupport_microxrcedds_cpp.so" to ""
[9.560s] -- Up-to-date: /home/raaid/linorobot2_ws/install/micro_ros_msgs/include/micro_ros_msgs/micro_ros_msgs
[9.560s] -- Up-to-date: /home/raaid/linorobot2_ws/install/micro_ros_msgs/include/micro_ros_msgs/micro_ros_msgs/msg
[9.560s] -- Installing: /home/raaid/linorobot2_ws/install/micro_ros_msgs/include/micro_ros_msgs/micro_ros_msgs/msg/rosidl_typesupport_fastrtps_cpp__visibility_control.h
[9.561s] -- Up-to-date: /home/raaid/linorobot2_ws/install/micro_ros_msgs/include/micro_ros_msgs/micro_ros_msgs/msg/detail
[9.562s] -- Installing: /home/raaid/linorobot2_ws/install/micro_ros_msgs/include/micro_ros_msgs/micro_ros_msgs/msg/detail/entity__rosidl_typesupport_fastrtps_cpp.hpp
[9.563s] -- Installing: /home/raaid/linorobot2_ws/install/micro_ros_msgs/include/micro_ros_msgs/micro_ros_msgs/msg/detail/dds_fastrtps
[9.563s] -- Installing: /home/raaid/linorobot2_ws/install/micro_ros_msgs/include/micro_ros_msgs/micro_ros_msgs/msg/detail/graph__rosidl_typesupport_fastrtps_cpp.hpp
[9.563s] -- Installing: /home/raaid/linorobot2_ws/install/micro_ros_msgs/include/micro_ros_msgs/micro_ros_msgs/msg/detail/node__rosidl_typesupport_fastrtps_cpp.hpp
[9.563s] -- Installing: /home/raaid/linorobot2_ws/install/micro_ros_msgs/lib/libmicro_ros_msgs__rosidl_typesupport_fastrtps_cpp.so
[9.563s] -- Set runtime path of "/home/raaid/linorobot2_ws/install/micro_ros_msgs/lib/libmicro_ros_msgs__rosidl_typesupport_fastrtps_cpp.so" to ""
[9.563s] -- Up-to-date: /home/raaid/linorobot2_ws/install/micro_ros_msgs/include/micro_ros_msgs/micro_ros_msgs
[9.563s] -- Up-to-date: /home/raaid/linorobot2_ws/install/micro_ros_msgs/include/micro_ros_msgs/micro_ros_msgs/msg
[9.563s] -- Up-to-date: /home/raaid/linorobot2_ws/install/micro_ros_msgs/include/micro_ros_msgs/micro_ros_msgs/msg/detail
[9.563s] -- Installing: /home/raaid/linorobot2_ws/install/micro_ros_msgs/include/micro_ros_msgs/micro_ros_msgs/msg/detail/graph__rosidl_typesupport_introspection_cpp.hpp
[9.563s] -- Installing: /home/raaid/linorobot2_ws/install/micro_ros_msgs/include/micro_ros_msgs/micro_ros_msgs/msg/detail/node__rosidl_typesupport_introspection_cpp.hpp
[9.563s] -- Installing: /home/raaid/linorobot2_ws/install/micro_ros_msgs/include/micro_ros_msgs/micro_ros_msgs/msg/detail/graph__type_support.cpp
[9.564s] -- Installing: /home/raaid/linorobot2_ws/install/micro_ros_msgs/include/micro_ros_msgs/micro_ros_msgs/msg/detail/entity__rosidl_typesupport_introspection_cpp.hpp
[9.564s] -- Installing: /home/raaid/linorobot2_ws/install/micro_ros_msgs/include/micro_ros_msgs/micro_ros_msgs/msg/detail/entity__type_support.cpp
[9.564s] -- Installing: /home/raaid/linorobot2_ws/install/micro_ros_msgs/include/micro_ros_msgs/micro_ros_msgs/msg/detail/node__type_support.cpp
[9.564s] -- Installing: /home/raaid/linorobot2_ws/install/micro_ros_msgs/lib/libmicro_ros_msgs__rosidl_typesupport_introspection_cpp.so
[9.564s] -- Set runtime path of "/home/raaid/linorobot2_ws/install/micro_ros_msgs/lib/libmicro_ros_msgs__rosidl_typesupport_introspection_cpp.so" to ""
[9.564s] -- Installing: /home/raaid/linorobot2_ws/install/micro_ros_msgs/lib/libmicro_ros_msgs__rosidl_typesupport_cpp.so
[9.564s] -- Set runtime path of "/home/raaid/linorobot2_ws/install/micro_ros_msgs/lib/libmicro_ros_msgs__rosidl_typesupport_cpp.so" to ""
[9.564s] -- Installing: /home/raaid/linorobot2_ws/install/micro_ros_msgs/share/micro_ros_msgs/environment/pythonpath.sh
[9.564s] -- Installing: /home/raaid/linorobot2_ws/install/micro_ros_msgs/share/micro_ros_msgs/environment/pythonpath.dsv
[9.564s] -- Installing: /home/raaid/linorobot2_ws/install/micro_ros_msgs/local/lib/python3.10/dist-packages/micro_ros_msgs-3.0.1-py3.10.egg-info
[9.564s] -- Installing: /home/raaid/linorobot2_ws/install/micro_ros_msgs/local/lib/python3.10/dist-packages/micro_ros_msgs-3.0.1-py3.10.egg-info/dependency_links.txt
[9.564s] -- Installing: /home/raaid/linorobot2_ws/install/micro_ros_msgs/local/lib/python3.10/dist-packages/micro_ros_msgs-3.0.1-py3.10.egg-info/SOURCES.txt
[9.565s] -- Installing: /home/raaid/linorobot2_ws/install/micro_ros_msgs/local/lib/python3.10/dist-packages/micro_ros_msgs-3.0.1-py3.10.egg-info/top_level.txt
[9.565s] -- Installing: /home/raaid/linorobot2_ws/install/micro_ros_msgs/local/lib/python3.10/dist-packages/micro_ros_msgs-3.0.1-py3.10.egg-info/PKG-INFO
[9.565s] -- Installing: /home/raaid/linorobot2_ws/install/micro_ros_msgs/local/lib/python3.10/dist-packages/micro_ros_msgs
[9.565s] -- Installing: /home/raaid/linorobot2_ws/install/micro_ros_msgs/local/lib/python3.10/dist-packages/micro_ros_msgs/msg
[9.565s] -- Installing: /home/raaid/linorobot2_ws/install/micro_ros_msgs/local/lib/python3.10/dist-packages/micro_ros_msgs/msg/_graph_s.c
[9.565s] -- Installing: /home/raaid/linorobot2_ws/install/micro_ros_msgs/local/lib/python3.10/dist-packages/micro_ros_msgs/msg/_entity_s.c
[9.565s] -- Installing: /home/raaid/linorobot2_ws/install/micro_ros_msgs/local/lib/python3.10/dist-packages/micro_ros_msgs/msg/_node.py
[9.565s] -- Installing: /home/raaid/linorobot2_ws/install/micro_ros_msgs/local/lib/python3.10/dist-packages/micro_ros_msgs/msg/_node_s.c
[9.565s] -- Installing: /home/raaid/linorobot2_ws/install/micro_ros_msgs/local/lib/python3.10/dist-packages/micro_ros_msgs/msg/__init__.py
[9.565s] -- Installing: /home/raaid/linorobot2_ws/install/micro_ros_msgs/local/lib/python3.10/dist-packages/micro_ros_msgs/msg/_entity.py
[9.565s] -- Installing: /home/raaid/linorobot2_ws/install/micro_ros_msgs/local/lib/python3.10/dist-packages/micro_ros_msgs/msg/_graph.py
[9.565s] -- Installing: /home/raaid/linorobot2_ws/install/micro_ros_msgs/local/lib/python3.10/dist-packages/micro_ros_msgs/micro_ros_msgs_s__rosidl_typesupport_c.cpython-310-x86_64-linux-gnu.so
[9.565s] -- Installing: /home/raaid/linorobot2_ws/install/micro_ros_msgs/local/lib/python3.10/dist-packages/micro_ros_msgs/_micro_ros_msgs_s.ep.rosidl_typesupport_introspection_c.c
[9.565s] -- Installing: /home/raaid/linorobot2_ws/install/micro_ros_msgs/local/lib/python3.10/dist-packages/micro_ros_msgs/micro_ros_msgs_s__rosidl_typesupport_introspection_c.cpython-310-x86_64-linux-gnu.so
[9.565s] -- Installing: /home/raaid/linorobot2_ws/install/micro_ros_msgs/local/lib/python3.10/dist-packages/micro_ros_msgs/_micro_ros_msgs_s.ep.rosidl_typesupport_c.c
[9.565s] -- Installing: /home/raaid/linorobot2_ws/install/micro_ros_msgs/local/lib/python3.10/dist-packages/micro_ros_msgs/__init__.py
[9.565s] -- Installing: /home/raaid/linorobot2_ws/install/micro_ros_msgs/local/lib/python3.10/dist-packages/micro_ros_msgs/_micro_ros_msgs_s.ep.rosidl_typesupport_fastrtps_c.c
[9.566s] -- Installing: /home/raaid/linorobot2_ws/install/micro_ros_msgs/local/lib/python3.10/dist-packages/micro_ros_msgs/libmicro_ros_msgs__rosidl_generator_py.so
[9.566s] -- Installing: /home/raaid/linorobot2_ws/install/micro_ros_msgs/local/lib/python3.10/dist-packages/micro_ros_msgs/micro_ros_msgs_s__rosidl_typesupport_fastrtps_c.cpython-310-x86_64-linux-gnu.so
[9.566s] -- Installing: /home/raaid/linorobot2_ws/install/micro_ros_msgs/local/lib/python3.10/dist-packages/micro_ros_msgs/_micro_ros_msgs_s.ep.rosidl_typesupport_microxrcedds_c.c
[9.566s] -- Installing: /home/raaid/linorobot2_ws/install/micro_ros_msgs/local/lib/python3.10/dist-packages/micro_ros_msgs/micro_ros_msgs_s__rosidl_typesupport_microxrcedds_c.cpython-310-x86_64-linux-gnu.so
[9.669s] Listing '/home/raaid/linorobot2_ws/install/micro_ros_msgs/local/lib/python3.10/dist-packages/micro_ros_msgs'...
[9.669s] Compiling '/home/raaid/linorobot2_ws/install/micro_ros_msgs/local/lib/python3.10/dist-packages/micro_ros_msgs/__init__.py'...
[9.669s] Listing '/home/raaid/linorobot2_ws/install/micro_ros_msgs/local/lib/python3.10/dist-packages/micro_ros_msgs/msg'...
[9.669s] Compiling '/home/raaid/linorobot2_ws/install/micro_ros_msgs/local/lib/python3.10/dist-packages/micro_ros_msgs/msg/__init__.py'...
[9.669s] Compiling '/home/raaid/linorobot2_ws/install/micro_ros_msgs/local/lib/python3.10/dist-packages/micro_ros_msgs/msg/_entity.py'...
[9.669s] Compiling '/home/raaid/linorobot2_ws/install/micro_ros_msgs/local/lib/python3.10/dist-packages/micro_ros_msgs/msg/_graph.py'...
[9.669s] Compiling '/home/raaid/linorobot2_ws/install/micro_ros_msgs/local/lib/python3.10/dist-packages/micro_ros_msgs/msg/_node.py'...
[9.672s] -- Installing: /home/raaid/linorobot2_ws/install/micro_ros_msgs/local/lib/python3.10/dist-packages/micro_ros_msgs/micro_ros_msgs_s__rosidl_typesupport_microxrcedds_c.cpython-310-x86_64-linux-gnu.so
[9.673s] -- Set runtime path of "/home/raaid/linorobot2_ws/install/micro_ros_msgs/local/lib/python3.10/dist-packages/micro_ros_msgs/micro_ros_msgs_s__rosidl_typesupport_microxrcedds_c.cpython-310-x86_64-linux-gnu.so" to ""
[9.673s] -- Installing: /home/raaid/linorobot2_ws/install/micro_ros_msgs/local/lib/python3.10/dist-packages/micro_ros_msgs/micro_ros_msgs_s__rosidl_typesupport_fastrtps_c.cpython-310-x86_64-linux-gnu.so
[9.674s] -- Set runtime path of "/home/raaid/linorobot2_ws/install/micro_ros_msgs/local/lib/python3.10/dist-packages/micro_ros_msgs/micro_ros_msgs_s__rosidl_typesupport_fastrtps_c.cpython-310-x86_64-linux-gnu.so" to ""
[9.674s] -- Installing: /home/raaid/linorobot2_ws/install/micro_ros_msgs/local/lib/python3.10/dist-packages/micro_ros_msgs/micro_ros_msgs_s__rosidl_typesupport_introspection_c.cpython-310-x86_64-linux-gnu.so
[9.674s] -- Set runtime path of "/home/raaid/linorobot2_ws/install/micro_ros_msgs/local/lib/python3.10/dist-packages/micro_ros_msgs/micro_ros_msgs_s__rosidl_typesupport_introspection_c.cpython-310-x86_64-linux-gnu.so" to ""
[9.675s] -- Installing: /home/raaid/linorobot2_ws/install/micro_ros_msgs/local/lib/python3.10/dist-packages/micro_ros_msgs/micro_ros_msgs_s__rosidl_typesupport_c.cpython-310-x86_64-linux-gnu.so
[9.675s] -- Set runtime path of "/home/raaid/linorobot2_ws/install/micro_ros_msgs/local/lib/python3.10/dist-packages/micro_ros_msgs/micro_ros_msgs_s__rosidl_typesupport_c.cpython-310-x86_64-linux-gnu.so" to ""
[9.676s] -- Installing: /home/raaid/linorobot2_ws/install/micro_ros_msgs/lib/libmicro_ros_msgs__rosidl_generator_py.so
[9.676s] -- Set runtime path of "/home/raaid/linorobot2_ws/install/micro_ros_msgs/lib/libmicro_ros_msgs__rosidl_generator_py.so" to ""
[9.677s] -- Installing: /home/raaid/linorobot2_ws/install/micro_ros_msgs/share/micro_ros_msgs/msg/Graph.idl
[9.677s] -- Installing: /home/raaid/linorobot2_ws/install/micro_ros_msgs/share/micro_ros_msgs/msg/Node.idl
[9.677s] -- Installing: /home/raaid/linorobot2_ws/install/micro_ros_msgs/share/micro_ros_msgs/msg/Entity.idl
[9.678s] -- Installing: /home/raaid/linorobot2_ws/install/micro_ros_msgs/share/micro_ros_msgs/msg/Graph.msg
[9.678s] -- Installing: /home/raaid/linorobot2_ws/install/micro_ros_msgs/share/micro_ros_msgs/msg/Node.msg
[9.678s] -- Installing: /home/raaid/linorobot2_ws/install/micro_ros_msgs/share/micro_ros_msgs/msg/Entity.msg
[9.679s] -- Installing: /home/raaid/linorobot2_ws/install/micro_ros_msgs/share/ament_index/resource_index/package_run_dependencies/micro_ros_msgs
[9.679s] -- Installing: /home/raaid/linorobot2_ws/install/micro_ros_msgs/share/ament_index/resource_index/parent_prefix_path/micro_ros_msgs
[9.680s] -- Installing: /home/raaid/linorobot2_ws/install/micro_ros_msgs/share/micro_ros_msgs/environment/ament_prefix_path.sh
[9.681s] -- Installing: /home/raaid/linorobot2_ws/install/micro_ros_msgs/share/micro_ros_msgs/environment/ament_prefix_path.dsv
[9.681s] -- Installing: /home/raaid/linorobot2_ws/install/micro_ros_msgs/share/micro_ros_msgs/environment/path.sh
[9.681s] -- Installing: /home/raaid/linorobot2_ws/install/micro_ros_msgs/share/micro_ros_msgs/environment/path.dsv
[9.682s] -- Installing: /home/raaid/linorobot2_ws/install/micro_ros_msgs/share/micro_ros_msgs/local_setup.bash
[9.682s] -- Installing: /home/raaid/linorobot2_ws/install/micro_ros_msgs/share/micro_ros_msgs/local_setup.sh
[9.682s] -- Installing: /home/raaid/linorobot2_ws/install/micro_ros_msgs/share/micro_ros_msgs/local_setup.zsh
[9.683s] -- Installing: /home/raaid/linorobot2_ws/install/micro_ros_msgs/share/micro_ros_msgs/local_setup.dsv
[9.683s] -- Installing: /home/raaid/linorobot2_ws/install/micro_ros_msgs/share/micro_ros_msgs/package.dsv
[9.683s] -- Installing: /home/raaid/linorobot2_ws/install/micro_ros_msgs/share/ament_index/resource_index/packages/micro_ros_msgs
[9.684s] -- Installing: /home/raaid/linorobot2_ws/install/micro_ros_msgs/share/micro_ros_msgs/cmake/export_micro_ros_msgs__rosidl_generator_cExport.cmake
[9.684s] -- Installing: /home/raaid/linorobot2_ws/install/micro_ros_msgs/share/micro_ros_msgs/cmake/export_micro_ros_msgs__rosidl_generator_cExport-noconfig.cmake
[9.684s] -- Installing: /home/raaid/linorobot2_ws/install/micro_ros_msgs/share/micro_ros_msgs/cmake/export_micro_ros_msgs__rosidl_typesupport_fastrtps_cExport.cmake
[9.684s] -- Installing: /home/raaid/linorobot2_ws/install/micro_ros_msgs/share/micro_ros_msgs/cmake/export_micro_ros_msgs__rosidl_typesupport_fastrtps_cExport-noconfig.cmake
[9.685s] -- Installing: /home/raaid/linorobot2_ws/install/micro_ros_msgs/share/micro_ros_msgs/cmake/micro_ros_msgs__rosidl_typesupport_introspection_cExport.cmake
[9.685s] -- Installing: /home/raaid/linorobot2_ws/install/micro_ros_msgs/share/micro_ros_msgs/cmake/micro_ros_msgs__rosidl_typesupport_introspection_cExport-noconfig.cmake
[9.685s] -- Installing: /home/raaid/linorobot2_ws/install/micro_ros_msgs/share/micro_ros_msgs/cmake/micro_ros_msgs__rosidl_typesupport_cExport.cmake
[9.686s] -- Installing: /home/raaid/linorobot2_ws/install/micro_ros_msgs/share/micro_ros_msgs/cmake/micro_ros_msgs__rosidl_typesupport_cExport-noconfig.cmake
[9.686s] -- Installing: /home/raaid/linorobot2_ws/install/micro_ros_msgs/share/micro_ros_msgs/cmake/export_micro_ros_msgs__rosidl_generator_cppExport.cmake
[9.686s] -- Installing: /home/raaid/linorobot2_ws/install/micro_ros_msgs/share/micro_ros_msgs/cmake/export_micro_ros_msgs__rosidl_typesupport_fastrtps_cppExport.cmake
[9.687s] -- Installing: /home/raaid/linorobot2_ws/install/micro_ros_msgs/share/micro_ros_msgs/cmake/export_micro_ros_msgs__rosidl_typesupport_fastrtps_cppExport-noconfig.cmake
[9.687s] -- Installing: /home/raaid/linorobot2_ws/install/micro_ros_msgs/share/micro_ros_msgs/cmake/micro_ros_msgs__rosidl_typesupport_introspection_cppExport.cmake
[9.687s] -- Installing: /home/raaid/linorobot2_ws/install/micro_ros_msgs/share/micro_ros_msgs/cmake/micro_ros_msgs__rosidl_typesupport_introspection_cppExport-noconfig.cmake
[9.688s] -- Installing: /home/raaid/linorobot2_ws/install/micro_ros_msgs/share/micro_ros_msgs/cmake/micro_ros_msgs__rosidl_typesupport_cppExport.cmake
[9.688s] -- Installing: /home/raaid/linorobot2_ws/install/micro_ros_msgs/share/micro_ros_msgs/cmake/micro_ros_msgs__rosidl_typesupport_cppExport-noconfig.cmake
[9.688s] -- Installing: /home/raaid/linorobot2_ws/install/micro_ros_msgs/share/micro_ros_msgs/cmake/export_micro_ros_msgs__rosidl_generator_pyExport.cmake
[9.689s] -- Installing: /home/raaid/linorobot2_ws/install/micro_ros_msgs/share/micro_ros_msgs/cmake/export_micro_ros_msgs__rosidl_generator_pyExport-noconfig.cmake
[9.689s] -- Installing: /home/raaid/linorobot2_ws/install/micro_ros_msgs/share/micro_ros_msgs/cmake/rosidl_cmake-extras.cmake
[9.690s] -- Installing: /home/raaid/linorobot2_ws/install/micro_ros_msgs/share/micro_ros_msgs/cmake/ament_cmake_export_include_directories-extras.cmake
[9.690s] -- Installing: /home/raaid/linorobot2_ws/install/micro_ros_msgs/share/micro_ros_msgs/cmake/ament_cmake_export_libraries-extras.cmake
[9.690s] -- Installing: /home/raaid/linorobot2_ws/install/micro_ros_msgs/share/micro_ros_msgs/cmake/ament_cmake_export_targets-extras.cmake
[9.691s] -- Installing: /home/raaid/linorobot2_ws/install/micro_ros_msgs/share/micro_ros_msgs/cmake/rosidl_cmake_export_typesupport_targets-extras.cmake
[9.691s] -- Installing: /home/raaid/linorobot2_ws/install/micro_ros_msgs/share/micro_ros_msgs/cmake/ament_cmake_export_dependencies-extras.cmake
[9.691s] -- Installing: /home/raaid/linorobot2_ws/install/micro_ros_msgs/share/micro_ros_msgs/cmake/rosidl_cmake_export_typesupport_libraries-extras.cmake
[9.691s] -- Installing: /home/raaid/linorobot2_ws/install/micro_ros_msgs/share/micro_ros_msgs/cmake/micro_ros_msgsConfig.cmake
[9.692s] -- Installing: /home/raaid/linorobot2_ws/install/micro_ros_msgs/share/micro_ros_msgs/cmake/micro_ros_msgsConfig-version.cmake
[9.694s] -- Installing: /home/raaid/linorobot2_ws/install/micro_ros_msgs/share/micro_ros_msgs/package.xml
[9.701s] Invoked command in '/home/raaid/linorobot2_ws/build/micro_ros_msgs' returned '0': CMAKE_PREFIX_PATH=${CMAKE_PREFIX_PATH}:/home/raaid/ros2_ws/install/my_tf_pkg:/home/raaid/ros2_ws/install/my_py_pkg:/home/raaid/ros2_ws/src/install/my_tf_pkg:/home/raaid/ros2_ws/src/install/my_py_pkg:/home/raaid/microros_ws/install/sensor_msgs_py:/opt/ros/humble /usr/bin/cmake --install /home/raaid/linorobot2_ws/build/micro_ros_msgs
