[0.067s] Invoking command in '/home/raaid/linorobot2_ws/build/linorobot2': CMAKE_PREFIX_PATH=${CMAKE_PREFIX_PATH}:/home/raaid/ros2_ws/install/my_tf_pkg:/home/raaid/ros2_ws/install/my_py_pkg:/home/raaid/ros2_ws/src/install/my_tf_pkg:/home/raaid/ros2_ws/src/install/my_py_pkg:/home/raaid/microros_ws/install/sensor_msgs_py:/opt/ros/humble /usr/bin/cmake /home/raaid/linorobot2_ws/src/linorobot2/linorobot2 -DCMAKE_INSTALL_PREFIX=/home/raaid/linorobot2_ws/install/linorobot2
[0.306s] -- The C compiler identification is GNU 11.4.0
[0.511s] -- The CXX compiler identification is GNU 11.4.0
[0.524s] -- Detecting C compiler ABI info
[0.891s] -- Detecting C compiler ABI info - done
[0.955s] -- Check for working C compiler: /usr/bin/cc - skipped
[0.955s] -- Detecting C compile features
[0.955s] -- Detecting C compile features - done
[0.980s] -- Detecting CXX compiler ABI info
[1.941s] -- Detecting CXX compiler ABI info - done
[1.982s] -- Check for working CXX compiler: /usr/bin/c++ - skipped
[1.982s] -- Detecting CXX compile features
[1.982s] -- Detecting CXX compile features - done
[2.043s] -- Found ament_cmake: 1.3.9 (/opt/ros/humble/share/ament_cmake/cmake)
[2.483s] -- Found Python3: /usr/bin/python3 (found version "3.10.12") found components: Interpreter 
[2.918s] -- Configuring done
[2.921s] -- Generating done
[2.922s] -- Build files have been written to: /home/raaid/linorobot2_ws/build/linorobot2
[2.960s] Invoked command in '/home/raaid/linorobot2_ws/build/linorobot2' returned '0': CMAKE_PREFIX_PATH=${CMAKE_PREFIX_PATH}:/home/raaid/ros2_ws/install/my_tf_pkg:/home/raaid/ros2_ws/install/my_py_pkg:/home/raaid/ros2_ws/src/install/my_tf_pkg:/home/raaid/ros2_ws/src/install/my_py_pkg:/home/raaid/microros_ws/install/sensor_msgs_py:/opt/ros/humble /usr/bin/cmake /home/raaid/linorobot2_ws/src/linorobot2/linorobot2 -DCMAKE_INSTALL_PREFIX=/home/raaid/linorobot2_ws/install/linorobot2
[2.960s] Invoking command in '/home/raaid/linorobot2_ws/build/linorobot2': CMAKE_PREFIX_PATH=${CMAKE_PREFIX_PATH}:/home/raaid/ros2_ws/install/my_tf_pkg:/home/raaid/ros2_ws/install/my_py_pkg:/home/raaid/ros2_ws/src/install/my_tf_pkg:/home/raaid/ros2_ws/src/install/my_py_pkg:/home/raaid/microros_ws/install/sensor_msgs_py:/opt/ros/humble /usr/bin/cmake --build /home/raaid/linorobot2_ws/build/linorobot2 -- -j7 -l7
[3.106s] Invoked command in '/home/raaid/linorobot2_ws/build/linorobot2' returned '0': CMAKE_PREFIX_PATH=${CMAKE_PREFIX_PATH}:/home/raaid/ros2_ws/install/my_tf_pkg:/home/raaid/ros2_ws/install/my_py_pkg:/home/raaid/ros2_ws/src/install/my_tf_pkg:/home/raaid/ros2_ws/src/install/my_py_pkg:/home/raaid/microros_ws/install/sensor_msgs_py:/opt/ros/humble /usr/bin/cmake --build /home/raaid/linorobot2_ws/build/linorobot2 -- -j7 -l7
[3.317s] Invoking command in '/home/raaid/linorobot2_ws/build/linorobot2': CMAKE_PREFIX_PATH=${CMAKE_PREFIX_PATH}:/home/raaid/ros2_ws/install/my_tf_pkg:/home/raaid/ros2_ws/install/my_py_pkg:/home/raaid/ros2_ws/src/install/my_tf_pkg:/home/raaid/ros2_ws/src/install/my_py_pkg:/home/raaid/microros_ws/install/sensor_msgs_py:/opt/ros/humble /usr/bin/cmake --install /home/raaid/linorobot2_ws/build/linorobot2
[3.338s] -- Install configuration: ""
[3.338s] -- Installing: /home/raaid/linorobot2_ws/install/linorobot2/share/ament_index/resource_index/package_run_dependencies/linorobot2
[3.339s] -- Installing: /home/raaid/linorobot2_ws/install/linorobot2/share/ament_index/resource_index/parent_prefix_path/linorobot2
[3.339s] -- Installing: /home/raaid/linorobot2_ws/install/linorobot2/share/linorobot2/environment/ament_prefix_path.sh
[3.339s] -- Installing: /home/raaid/linorobot2_ws/install/linorobot2/share/linorobot2/environment/ament_prefix_path.dsv
[3.339s] -- Installing: /home/raaid/linorobot2_ws/install/linorobot2/share/linorobot2/environment/path.sh
[3.339s] -- Installing: /home/raaid/linorobot2_ws/install/linorobot2/share/linorobot2/environment/path.dsv
[3.339s] -- Installing: /home/raaid/linorobot2_ws/install/linorobot2/share/linorobot2/local_setup.bash
[3.339s] -- Installing: /home/raaid/linorobot2_ws/install/linorobot2/share/linorobot2/local_setup.sh
[3.341s] -- Installing: /home/raaid/linorobot2_ws/install/linorobot2/share/linorobot2/local_setup.zsh
[3.341s] -- Installing: /home/raaid/linorobot2_ws/install/linorobot2/share/linorobot2/local_setup.dsv
[3.341s] -- Installing: /home/raaid/linorobot2_ws/install/linorobot2/share/linorobot2/package.dsv
[3.341s] -- Installing: /home/raaid/linorobot2_ws/install/linorobot2/share/ament_index/resource_index/packages/linorobot2
[3.341s] -- Installing: /home/raaid/linorobot2_ws/install/linorobot2/share/linorobot2/cmake/linorobot2Config.cmake
[3.341s] -- Installing: /home/raaid/linorobot2_ws/install/linorobot2/share/linorobot2/cmake/linorobot2Config-version.cmake
[3.341s] -- Installing: /home/raaid/linorobot2_ws/install/linorobot2/share/linorobot2/package.xml
[3.353s] Invoked command in '/home/raaid/linorobot2_ws/build/linorobot2' returned '0': CMAKE_PREFIX_PATH=${CMAKE_PREFIX_PATH}:/home/raaid/ros2_ws/install/my_tf_pkg:/home/raaid/ros2_ws/install/my_py_pkg:/home/raaid/ros2_ws/src/install/my_tf_pkg:/home/raaid/ros2_ws/src/install/my_py_pkg:/home/raaid/microros_ws/install/sensor_msgs_py:/opt/ros/humble /usr/bin/cmake --install /home/raaid/linorobot2_ws/build/linorobot2
