[0.061s] Invoking command in '/home/raaid/linorobot2_ws/build/linorobot2_base': CMAKE_PREFIX_PATH=${CMAKE_PREFIX_PATH}:/home/raaid/ros2_ws/install/my_tf_pkg:/home/raaid/ros2_ws/install/my_py_pkg:/home/raaid/ros2_ws/src/install/my_tf_pkg:/home/raaid/ros2_ws/src/install/my_py_pkg:/home/raaid/microros_ws/install/sensor_msgs_py:/opt/ros/humble /usr/bin/cmake /home/raaid/linorobot2_ws/src/linorobot2/linorobot2_base -DCMAKE_INSTALL_PREFIX=/home/raaid/linorobot2_ws/install/linorobot2_base
[0.311s] -- The C compiler identification is GNU 11.4.0
[0.523s] -- The CXX compiler identification is GNU 11.4.0
[0.542s] -- Detecting C compiler ABI info
[1.105s] -- Detecting C compiler ABI info - done
[1.126s] -- Check for working C compiler: /usr/bin/cc - skipped
[1.126s] -- Detecting C compile features
[1.126s] -- Detecting C compile features - done
[1.136s] -- Detecting CXX compiler ABI info
[2.039s] -- Detecting CXX compiler ABI info - done
[2.054s] -- Check for working CXX compiler: /usr/bin/c++ - skipped
[2.055s] -- Detecting CXX compile features
[2.055s] -- Detecting CXX compile features - done
[2.067s] -- Found ament_cmake: 1.3.9 (/opt/ros/humble/share/ament_cmake/cmake)
[2.498s] -- Found Python3: /usr/bin/python3 (found version "3.10.12") found components: Interpreter 
[2.951s] -- Configuring done
[2.955s] -- Generating done
[2.955s] -- Build files have been written to: /home/raaid/linorobot2_ws/build/linorobot2_base
[2.992s] Invoked command in '/home/raaid/linorobot2_ws/build/linorobot2_base' returned '0': CMAKE_PREFIX_PATH=${CMAKE_PREFIX_PATH}:/home/raaid/ros2_ws/install/my_tf_pkg:/home/raaid/ros2_ws/install/my_py_pkg:/home/raaid/ros2_ws/src/install/my_tf_pkg:/home/raaid/ros2_ws/src/install/my_py_pkg:/home/raaid/microros_ws/install/sensor_msgs_py:/opt/ros/humble /usr/bin/cmake /home/raaid/linorobot2_ws/src/linorobot2/linorobot2_base -DCMAKE_INSTALL_PREFIX=/home/raaid/linorobot2_ws/install/linorobot2_base
[2.993s] Invoking command in '/home/raaid/linorobot2_ws/build/linorobot2_base': CMAKE_PREFIX_PATH=${CMAKE_PREFIX_PATH}:/home/raaid/ros2_ws/install/my_tf_pkg:/home/raaid/ros2_ws/install/my_py_pkg:/home/raaid/ros2_ws/src/install/my_tf_pkg:/home/raaid/ros2_ws/src/install/my_py_pkg:/home/raaid/microros_ws/install/sensor_msgs_py:/opt/ros/humble /usr/bin/cmake --build /home/raaid/linorobot2_ws/build/linorobot2_base -- -j7 -l7
[3.217s] Invoked command in '/home/raaid/linorobot2_ws/build/linorobot2_base' returned '0': CMAKE_PREFIX_PATH=${CMAKE_PREFIX_PATH}:/home/raaid/ros2_ws/install/my_tf_pkg:/home/raaid/ros2_ws/install/my_py_pkg:/home/raaid/ros2_ws/src/install/my_tf_pkg:/home/raaid/ros2_ws/src/install/my_py_pkg:/home/raaid/microros_ws/install/sensor_msgs_py:/opt/ros/humble /usr/bin/cmake --build /home/raaid/linorobot2_ws/build/linorobot2_base -- -j7 -l7
[3.389s] Invoking command in '/home/raaid/linorobot2_ws/build/linorobot2_base': CMAKE_PREFIX_PATH=${CMAKE_PREFIX_PATH}:/home/raaid/ros2_ws/install/my_tf_pkg:/home/raaid/ros2_ws/install/my_py_pkg:/home/raaid/ros2_ws/src/install/my_tf_pkg:/home/raaid/ros2_ws/src/install/my_py_pkg:/home/raaid/microros_ws/install/sensor_msgs_py:/opt/ros/humble /usr/bin/cmake --install /home/raaid/linorobot2_ws/build/linorobot2_base
[3.413s] -- Install configuration: ""
[3.413s] -- Installing: /home/raaid/linorobot2_ws/install/linorobot2_base/share/linorobot2_base/config
[3.416s] -- Installing: /home/raaid/linorobot2_ws/install/linorobot2_base/share/linorobot2_base/config/ekf.yaml
[3.416s] -- Installing: /home/raaid/linorobot2_ws/install/linorobot2_base/share/ament_index/resource_index/package_run_dependencies/linorobot2_base
[3.417s] -- Installing: /home/raaid/linorobot2_ws/install/linorobot2_base/share/ament_index/resource_index/parent_prefix_path/linorobot2_base
[3.417s] -- Installing: /home/raaid/linorobot2_ws/install/linorobot2_base/share/linorobot2_base/environment/ament_prefix_path.sh
[3.417s] -- Installing: /home/raaid/linorobot2_ws/install/linorobot2_base/share/linorobot2_base/environment/ament_prefix_path.dsv
[3.417s] -- Installing: /home/raaid/linorobot2_ws/install/linorobot2_base/share/linorobot2_base/environment/path.sh
[3.417s] -- Installing: /home/raaid/linorobot2_ws/install/linorobot2_base/share/linorobot2_base/environment/path.dsv
[3.418s] -- Installing: /home/raaid/linorobot2_ws/install/linorobot2_base/share/linorobot2_base/local_setup.bash
[3.418s] -- Installing: /home/raaid/linorobot2_ws/install/linorobot2_base/share/linorobot2_base/local_setup.sh
[3.418s] -- Installing: /home/raaid/linorobot2_ws/install/linorobot2_base/share/linorobot2_base/local_setup.zsh
[3.418s] -- Installing: /home/raaid/linorobot2_ws/install/linorobot2_base/share/linorobot2_base/local_setup.dsv
[3.418s] -- Installing: /home/raaid/linorobot2_ws/install/linorobot2_base/share/linorobot2_base/package.dsv
[3.418s] -- Installing: /home/raaid/linorobot2_ws/install/linorobot2_base/share/ament_index/resource_index/packages/linorobot2_base
[3.419s] -- Installing: /home/raaid/linorobot2_ws/install/linorobot2_base/share/linorobot2_base/cmake/linorobot2_baseConfig.cmake
[3.419s] -- Installing: /home/raaid/linorobot2_ws/install/linorobot2_base/share/linorobot2_base/cmake/linorobot2_baseConfig-version.cmake
[3.419s] -- Installing: /home/raaid/linorobot2_ws/install/linorobot2_base/share/linorobot2_base/package.xml
[3.424s] Invoked command in '/home/raaid/linorobot2_ws/build/linorobot2_base' returned '0': CMAKE_PREFIX_PATH=${CMAKE_PREFIX_PATH}:/home/raaid/ros2_ws/install/my_tf_pkg:/home/raaid/ros2_ws/install/my_py_pkg:/home/raaid/ros2_ws/src/install/my_tf_pkg:/home/raaid/ros2_ws/src/install/my_py_pkg:/home/raaid/microros_ws/install/sensor_msgs_py:/opt/ros/humble /usr/bin/cmake --install /home/raaid/linorobot2_ws/build/linorobot2_base
