[0.785s] Invoking command in '/home/raaid/linorobot2_ws/build/linorobot2_navigation': CMAKE_PREFIX_PATH=${CMAKE_PREFIX_PATH}:/home/raaid/ros2_ws/install/my_tf_pkg:/home/raaid/ros2_ws/install/my_py_pkg:/home/raaid/ros2_ws/src/install/my_tf_pkg:/home/raaid/ros2_ws/src/install/my_py_pkg:/home/raaid/microros_ws/install/sensor_msgs_py:/opt/ros/humble /usr/bin/cmake --build /home/raaid/linorobot2_ws/build/linorobot2_navigation -- -j7 -l7
[0.884s] Invoked command in '/home/raaid/linorobot2_ws/build/linorobot2_navigation' returned '0': CMAKE_PREFIX_PATH=${CMAKE_PREFIX_PATH}:/home/raaid/ros2_ws/install/my_tf_pkg:/home/raaid/ros2_ws/install/my_py_pkg:/home/raaid/ros2_ws/src/install/my_tf_pkg:/home/raaid/ros2_ws/src/install/my_py_pkg:/home/raaid/microros_ws/install/sensor_msgs_py:/opt/ros/humble /usr/bin/cmake --build /home/raaid/linorobot2_ws/build/linorobot2_navigation -- -j7 -l7
[1.481s] Invoking command in '/home/raaid/linorobot2_ws/build/linorobot2_navigation': CMAKE_PREFIX_PATH=${CMAKE_PREFIX_PATH}:/home/raaid/ros2_ws/install/my_tf_pkg:/home/raaid/ros2_ws/install/my_py_pkg:/home/raaid/ros2_ws/src/install/my_tf_pkg:/home/raaid/ros2_ws/src/install/my_py_pkg:/home/raaid/microros_ws/install/sensor_msgs_py:/opt/ros/humble /usr/bin/cmake --install /home/raaid/linorobot2_ws/build/linorobot2_navigation
[1.529s] -- Install configuration: ""
[1.529s] -- Up-to-date: /home/raaid/linorobot2_ws/install/linorobot2_navigation/share/linorobot2_navigation/launch
[1.529s] -- Up-to-date: /home/raaid/linorobot2_ws/install/linorobot2_navigation/share/linorobot2_navigation/launch/slam.launch.py
[1.529s] -- Up-to-date: /home/raaid/linorobot2_ws/install/linorobot2_navigation/share/linorobot2_navigation/launch/navigation.launch.py
[1.531s] -- Up-to-date: /home/raaid/linorobot2_ws/install/linorobot2_navigation/share/linorobot2_navigation/rviz
[1.531s] -- Up-to-date: /home/raaid/linorobot2_ws/install/linorobot2_navigation/share/linorobot2_navigation/rviz/linorobot2_navigation.rviz
[1.531s] -- Up-to-date: /home/raaid/linorobot2_ws/install/linorobot2_navigation/share/linorobot2_navigation/rviz/linorobot2_slam.rviz
[1.532s] -- Up-to-date: /home/raaid/linorobot2_ws/install/linorobot2_navigation/share/linorobot2_navigation/rviz/linorobot2_navigation_minimal.rviz
[1.532s] -- Up-to-date: /home/raaid/linorobot2_ws/install/linorobot2_navigation/share/linorobot2_navigation/config
[1.534s] -- Up-to-date: /home/raaid/linorobot2_ws/install/linorobot2_navigation/share/linorobot2_navigation/config/navigation.yaml
[1.535s] -- Up-to-date: /home/raaid/linorobot2_ws/install/linorobot2_navigation/share/linorobot2_navigation/config/slam.yaml
[1.535s] -- Up-to-date: /home/raaid/linorobot2_ws/install/linorobot2_navigation/share/linorobot2_navigation/maps
[1.536s] -- Up-to-date: /home/raaid/linorobot2_ws/install/linorobot2_navigation/share/linorobot2_navigation/maps/playground.yaml
[1.536s] -- Up-to-date: /home/raaid/linorobot2_ws/install/linorobot2_navigation/share/linorobot2_navigation/maps/playground.pgm
[1.536s] -- Up-to-date: /home/raaid/linorobot2_ws/install/linorobot2_navigation/share/ament_index/resource_index/package_run_dependencies/linorobot2_navigation
[1.536s] -- Up-to-date: /home/raaid/linorobot2_ws/install/linorobot2_navigation/share/ament_index/resource_index/parent_prefix_path/linorobot2_navigation
[1.536s] -- Up-to-date: /home/raaid/linorobot2_ws/install/linorobot2_navigation/share/linorobot2_navigation/environment/ament_prefix_path.sh
[1.536s] -- Up-to-date: /home/raaid/linorobot2_ws/install/linorobot2_navigation/share/linorobot2_navigation/environment/ament_prefix_path.dsv
[1.536s] -- Up-to-date: /home/raaid/linorobot2_ws/install/linorobot2_navigation/share/linorobot2_navigation/environment/path.sh
[1.536s] -- Up-to-date: /home/raaid/linorobot2_ws/install/linorobot2_navigation/share/linorobot2_navigation/environment/path.dsv
[1.536s] -- Up-to-date: /home/raaid/linorobot2_ws/install/linorobot2_navigation/share/linorobot2_navigation/local_setup.bash
[1.537s] -- Up-to-date: /home/raaid/linorobot2_ws/install/linorobot2_navigation/share/linorobot2_navigation/local_setup.sh
[1.537s] -- Up-to-date: /home/raaid/linorobot2_ws/install/linorobot2_navigation/share/linorobot2_navigation/local_setup.zsh
[1.537s] -- Up-to-date: /home/raaid/linorobot2_ws/install/linorobot2_navigation/share/linorobot2_navigation/local_setup.dsv
[1.537s] -- Installing: /home/raaid/linorobot2_ws/install/linorobot2_navigation/share/linorobot2_navigation/package.dsv
[1.537s] -- Up-to-date: /home/raaid/linorobot2_ws/install/linorobot2_navigation/share/ament_index/resource_index/packages/linorobot2_navigation
[1.537s] -- Up-to-date: /home/raaid/linorobot2_ws/install/linorobot2_navigation/share/linorobot2_navigation/cmake/linorobot2_navigationConfig.cmake
[1.537s] -- Up-to-date: /home/raaid/linorobot2_ws/install/linorobot2_navigation/share/linorobot2_navigation/cmake/linorobot2_navigationConfig-version.cmake
[1.537s] -- Up-to-date: /home/raaid/linorobot2_ws/install/linorobot2_navigation/share/linorobot2_navigation/package.xml
[1.538s] Invoked command in '/home/raaid/linorobot2_ws/build/linorobot2_navigation' returned '0': CMAKE_PREFIX_PATH=${CMAKE_PREFIX_PATH}:/home/raaid/ros2_ws/install/my_tf_pkg:/home/raaid/ros2_ws/install/my_py_pkg:/home/raaid/ros2_ws/src/install/my_tf_pkg:/home/raaid/ros2_ws/src/install/my_py_pkg:/home/raaid/microros_ws/install/sensor_msgs_py:/opt/ros/humble /usr/bin/cmake --install /home/raaid/linorobot2_ws/build/linorobot2_navigation
