[1.050s] Invoking command in '/home/raaid/linorobot2_ws/build/linorobot2_description': CMAKE_PREFIX_PATH=${CMAKE_PREFIX_PATH}:/home/raaid/ros2_ws/install/my_tf_pkg:/home/raaid/ros2_ws/install/my_py_pkg:/home/raaid/ros2_ws/src/install/my_tf_pkg:/home/raaid/ros2_ws/src/install/my_py_pkg:/home/raaid/microros_ws/install/sensor_msgs_py:/opt/ros/humble /usr/bin/cmake --build /home/raaid/linorobot2_ws/build/linorobot2_description -- -j7 -l7
[1.285s] Invoked command in '/home/raaid/linorobot2_ws/build/linorobot2_description' returned '0': CMAKE_PREFIX_PATH=${CMAKE_PREFIX_PATH}:/home/raaid/ros2_ws/install/my_tf_pkg:/home/raaid/ros2_ws/install/my_py_pkg:/home/raaid/ros2_ws/src/install/my_tf_pkg:/home/raaid/ros2_ws/src/install/my_py_pkg:/home/raaid/microros_ws/install/sensor_msgs_py:/opt/ros/humble /usr/bin/cmake --build /home/raaid/linorobot2_ws/build/linorobot2_description -- -j7 -l7
[1.517s] Invoking command in '/home/raaid/linorobot2_ws/build/linorobot2_description': CMAKE_PREFIX_PATH=${CMAKE_PREFIX_PATH}:/home/raaid/ros2_ws/install/my_tf_pkg:/home/raaid/ros2_ws/install/my_py_pkg:/home/raaid/ros2_ws/src/install/my_tf_pkg:/home/raaid/ros2_ws/src/install/my_py_pkg:/home/raaid/microros_ws/install/sensor_msgs_py:/opt/ros/humble /usr/bin/cmake --install /home/raaid/linorobot2_ws/build/linorobot2_description
[1.734s] -- Install configuration: ""
[1.734s] -- Up-to-date: /home/raaid/linorobot2_ws/install/linorobot2_description/share/linorobot2_description/launch
[1.734s] -- Up-to-date: /home/raaid/linorobot2_ws/install/linorobot2_description/share/linorobot2_description/launch/description.launch.py
[1.734s] -- Up-to-date: /home/raaid/linorobot2_ws/install/linorobot2_description/share/linorobot2_description/urdf
[1.734s] -- Up-to-date: /home/raaid/linorobot2_ws/install/linorobot2_description/share/linorobot2_description/urdf/robots
[1.734s] -- Up-to-date: /home/raaid/linorobot2_ws/install/linorobot2_description/share/linorobot2_description/urdf/robots/4wd.urdf.xacro
[1.734s] -- Up-to-date: /home/raaid/linorobot2_ws/install/linorobot2_description/share/linorobot2_description/urdf/robots/square.urdf.xacro
[1.734s] -- Up-to-date: /home/raaid/linorobot2_ws/install/linorobot2_description/share/linorobot2_description/urdf/robots/2wd.urdf.xacro
[1.734s] -- Up-to-date: /home/raaid/linorobot2_ws/install/linorobot2_description/share/linorobot2_description/urdf/robots/mecanum.urdf.xacro
[1.734s] -- Up-to-date: /home/raaid/linorobot2_ws/install/linorobot2_description/share/linorobot2_description/urdf/2wd_properties.urdf.xacro
[1.734s] -- Up-to-date: /home/raaid/linorobot2_ws/install/linorobot2_description/share/linorobot2_description/urdf/controllers
[1.734s] -- Up-to-date: /home/raaid/linorobot2_ws/install/linorobot2_description/share/linorobot2_description/urdf/controllers/diff_drive.urdf.xacro
[1.735s] -- Up-to-date: /home/raaid/linorobot2_ws/install/linorobot2_description/share/linorobot2_description/urdf/controllers/omni_drive.urdf.xacro
[1.735s] -- Up-to-date: /home/raaid/linorobot2_ws/install/linorobot2_description/share/linorobot2_description/urdf/controllers/skid_steer.urdf.xacro
[1.735s] -- Up-to-date: /home/raaid/linorobot2_ws/install/linorobot2_description/share/linorobot2_description/urdf/mecanum_properties.urdf.xacro
[1.735s] -- Up-to-date: /home/raaid/linorobot2_ws/install/linorobot2_description/share/linorobot2_description/urdf/4wd_properties.urdf.xacro
[1.735s] -- Up-to-date: /home/raaid/linorobot2_ws/install/linorobot2_description/share/linorobot2_description/urdf/mech
[1.735s] -- Up-to-date: /home/raaid/linorobot2_ws/install/linorobot2_description/share/linorobot2_description/urdf/mech/base.urdf.xacro
[1.735s] -- Up-to-date: /home/raaid/linorobot2_ws/install/linorobot2_description/share/linorobot2_description/urdf/mech/mecanum_wheel.urdf.xacro
[1.735s] -- Up-to-date: /home/raaid/linorobot2_ws/install/linorobot2_description/share/linorobot2_description/urdf/mech/caster_wheel.urdf.xacro
[1.735s] -- Up-to-date: /home/raaid/linorobot2_ws/install/linorobot2_description/share/linorobot2_description/urdf/mech/wheel.urdf.xacro
[1.735s] -- Up-to-date: /home/raaid/linorobot2_ws/install/linorobot2_description/share/linorobot2_description/urdf/sensors
[1.735s] -- Up-to-date: /home/raaid/linorobot2_ws/install/linorobot2_description/share/linorobot2_description/urdf/sensors/depth_sensor.urdf.xacro
[1.735s] -- Up-to-date: /home/raaid/linorobot2_ws/install/linorobot2_description/share/linorobot2_description/urdf/sensors/generic_laser.urdf.xacro
[1.735s] -- Up-to-date: /home/raaid/linorobot2_ws/install/linorobot2_description/share/linorobot2_description/urdf/sensors/laser.urdf.xacro
[1.735s] -- Up-to-date: /home/raaid/linorobot2_ws/install/linorobot2_description/share/linorobot2_description/urdf/sensors/imu.urdf.xacro
[1.780s] -- Up-to-date: /home/raaid/linorobot2_ws/install/linorobot2_description/share/linorobot2_description/rviz
[1.780s] -- Up-to-date: /home/raaid/linorobot2_ws/install/linorobot2_description/share/linorobot2_description/rviz/description.rviz
[1.780s] -- Up-to-date: /home/raaid/linorobot2_ws/install/linorobot2_description/lib/linorobot2_description/odom_to_tf.py
[1.780s] -- Up-to-date: /home/raaid/linorobot2_ws/install/linorobot2_description/share/ament_index/resource_index/package_run_dependencies/linorobot2_description
[1.780s] -- Up-to-date: /home/raaid/linorobot2_ws/install/linorobot2_description/share/ament_index/resource_index/parent_prefix_path/linorobot2_description
[1.780s] -- Up-to-date: /home/raaid/linorobot2_ws/install/linorobot2_description/share/linorobot2_description/environment/ament_prefix_path.sh
[1.781s] -- Up-to-date: /home/raaid/linorobot2_ws/install/linorobot2_description/share/linorobot2_description/environment/ament_prefix_path.dsv
[1.781s] -- Up-to-date: /home/raaid/linorobot2_ws/install/linorobot2_description/share/linorobot2_description/environment/path.sh
[1.781s] -- Up-to-date: /home/raaid/linorobot2_ws/install/linorobot2_description/share/linorobot2_description/environment/path.dsv
[1.781s] -- Up-to-date: /home/raaid/linorobot2_ws/install/linorobot2_description/share/linorobot2_description/local_setup.bash
[1.781s] -- Up-to-date: /home/raaid/linorobot2_ws/install/linorobot2_description/share/linorobot2_description/local_setup.sh
[1.781s] -- Up-to-date: /home/raaid/linorobot2_ws/install/linorobot2_description/share/linorobot2_description/local_setup.zsh
[1.781s] -- Up-to-date: /home/raaid/linorobot2_ws/install/linorobot2_description/share/linorobot2_description/local_setup.dsv
[1.781s] -- Installing: /home/raaid/linorobot2_ws/install/linorobot2_description/share/linorobot2_description/package.dsv
[1.781s] -- Up-to-date: /home/raaid/linorobot2_ws/install/linorobot2_description/share/ament_index/resource_index/packages/linorobot2_description
[1.781s] -- Up-to-date: /home/raaid/linorobot2_ws/install/linorobot2_description/share/linorobot2_description/cmake/linorobot2_descriptionConfig.cmake
[1.781s] -- Up-to-date: /home/raaid/linorobot2_ws/install/linorobot2_description/share/linorobot2_description/cmake/linorobot2_descriptionConfig-version.cmake
[1.781s] -- Up-to-date: /home/raaid/linorobot2_ws/install/linorobot2_description/share/linorobot2_description/package.xml
[1.914s] Invoked command in '/home/raaid/linorobot2_ws/build/linorobot2_description' returned '0': CMAKE_PREFIX_PATH=${CMAKE_PREFIX_PATH}:/home/raaid/ros2_ws/install/my_tf_pkg:/home/raaid/ros2_ws/install/my_py_pkg:/home/raaid/ros2_ws/src/install/my_tf_pkg:/home/raaid/ros2_ws/src/install/my_py_pkg:/home/raaid/microros_ws/install/sensor_msgs_py:/opt/ros/humble /usr/bin/cmake --install /home/raaid/linorobot2_ws/build/linorobot2_description
