-- The C compiler identification is GNU 11.4.0
-- The CXX compiler identification is GNU 11.4.0
-- Detecting C compiler ABI info
-- Detecting C compiler ABI info - done
-- Check for working C compiler: /usr/bin/cc - skipped
-- Detecting C compile features
-- Detecting C compile features - done
-- Detecting CXX compiler ABI info
-- Detecting CXX compiler ABI info - done
-- Check for working CXX compiler: /usr/bin/c++ - skipped
-- Detecting CXX compile features
-- Detecting CXX compile features - done
-- Found ament_cmake: 1.3.9 (/opt/ros/humble/share/ament_cmake/cmake)
-- Found Python3: /usr/bin/python3 (found version "3.10.12") found components: Interpreter 
-- Found rclpy: 3.3.13 (/opt/ros/humble/share/rclpy/cmake)
-- Found geometry_msgs: 4.2.3 (/home/raaid/microros_ws/install/geometry_msgs/share/geometry_msgs/cmake)
-- Found rosidl_generator_c: 3.1.5 (/opt/ros/humble/share/rosidl_generator_c/cmake)
-- Found rosidl_adapter: 3.1.5 (/opt/ros/humble/share/rosidl_adapter/cmake)
-- Found rosidl_generator_cpp: 3.1.5 (/opt/ros/humble/share/rosidl_generator_cpp/cmake)
-- Using all available rosidl_typesupport_c: rosidl_typesupport_microxrcedds_c;rosidl_typesupport_fastrtps_c;rosidl_typesupport_introspection_c
-- Using all available rosidl_typesupport_cpp: rosidl_typesupport_microxrcedds_cpp;rosidl_typesupport_fastrtps_cpp;rosidl_typesupport_introspection_cpp
-- Found nav_msgs: 4.2.3 (/home/raaid/microros_ws/install/nav_msgs/share/nav_msgs/cmake)
-- Found tf2_ros: 0.25.6 (/opt/ros/humble/share/tf2_ros/cmake)
-- Found rmw_implementation_cmake: 6.1.2 (/opt/ros/humble/share/rmw_implementation_cmake/cmake)
-- Found rmw_fastrtps_cpp: 6.2.6 (/opt/ros/humble/share/rmw_fastrtps_cpp/cmake)
-- Found OpenSSL: /usr/lib/x86_64-linux-gnu/libcrypto.so (found version "3.0.2")  
-- Found FastRTPS: /opt/ros/humble/include  
-- Using RMW implementation 'rmw_fastrtps_cpp' as default
-- Looking for pthread.h
-- Looking for pthread.h - found
-- Performing Test CMAKE_HAVE_LIBC_PTHREAD
-- Performing Test CMAKE_HAVE_LIBC_PTHREAD - Success
-- Found Threads: TRUE  
-- Found urdf: 2.6.0 (/opt/ros/humble/share/urdf/cmake)
-- Configuring done
-- Generating done
-- Build files have been written to: /home/raaid/linorobot2_ws/build/linorobot2_description
-- Install configuration: ""
-- Installing: /home/raaid/linorobot2_ws/install/linorobot2_description/share/linorobot2_description/launch
-- Installing: /home/raaid/linorobot2_ws/install/linorobot2_description/share/linorobot2_description/launch/description.launch.py
-- Installing: /home/raaid/linorobot2_ws/install/linorobot2_description/share/linorobot2_description/urdf
-- Installing: /home/raaid/linorobot2_ws/install/linorobot2_description/share/linorobot2_description/urdf/robots
-- Installing: /home/raaid/linorobot2_ws/install/linorobot2_description/share/linorobot2_description/urdf/robots/4wd.urdf.xacro
-- Installing: /home/raaid/linorobot2_ws/install/linorobot2_description/share/linorobot2_description/urdf/robots/square.urdf.xacro
-- Installing: /home/raaid/linorobot2_ws/install/linorobot2_description/share/linorobot2_description/urdf/robots/2wd.urdf.xacro
-- Installing: /home/raaid/linorobot2_ws/install/linorobot2_description/share/linorobot2_description/urdf/robots/mecanum.urdf.xacro
-- Installing: /home/raaid/linorobot2_ws/install/linorobot2_description/share/linorobot2_description/urdf/2wd_properties.urdf.xacro
-- Installing: /home/raaid/linorobot2_ws/install/linorobot2_description/share/linorobot2_description/urdf/controllers
-- Installing: /home/raaid/linorobot2_ws/install/linorobot2_description/share/linorobot2_description/urdf/controllers/diff_drive.urdf.xacro
-- Installing: /home/raaid/linorobot2_ws/install/linorobot2_description/share/linorobot2_description/urdf/controllers/omni_drive.urdf.xacro
-- Installing: /home/raaid/linorobot2_ws/install/linorobot2_description/share/linorobot2_description/urdf/controllers/skid_steer.urdf.xacro
-- Installing: /home/raaid/linorobot2_ws/install/linorobot2_description/share/linorobot2_description/urdf/mecanum_properties.urdf.xacro
-- Installing: /home/raaid/linorobot2_ws/install/linorobot2_description/share/linorobot2_description/urdf/4wd_properties.urdf.xacro
-- Installing: /home/raaid/linorobot2_ws/install/linorobot2_description/share/linorobot2_description/urdf/mech
-- Installing: /home/raaid/linorobot2_ws/install/linorobot2_description/share/linorobot2_description/urdf/mech/base.urdf.xacro
-- Installing: /home/raaid/linorobot2_ws/install/linorobot2_description/share/linorobot2_description/urdf/mech/mecanum_wheel.urdf.xacro
-- Installing: /home/raaid/linorobot2_ws/install/linorobot2_description/share/linorobot2_description/urdf/mech/caster_wheel.urdf.xacro
-- Installing: /home/raaid/linorobot2_ws/install/linorobot2_description/share/linorobot2_description/urdf/mech/wheel.urdf.xacro
-- Installing: /home/raaid/linorobot2_ws/install/linorobot2_description/share/linorobot2_description/urdf/sensors
-- Installing: /home/raaid/linorobot2_ws/install/linorobot2_description/share/linorobot2_description/urdf/sensors/depth_sensor.urdf.xacro
-- Installing: /home/raaid/linorobot2_ws/install/linorobot2_description/share/linorobot2_description/urdf/sensors/generic_laser.urdf.xacro
-- Installing: /home/raaid/linorobot2_ws/install/linorobot2_description/share/linorobot2_description/urdf/sensors/laser.urdf.xacro
-- Installing: /home/raaid/linorobot2_ws/install/linorobot2_description/share/linorobot2_description/urdf/sensors/imu.urdf.xacro
-- Installing: /home/raaid/linorobot2_ws/install/linorobot2_description/share/linorobot2_description/rviz
-- Installing: /home/raaid/linorobot2_ws/install/linorobot2_description/share/linorobot2_description/rviz/description.rviz
-- Installing: /home/raaid/linorobot2_ws/install/linorobot2_description/lib/linorobot2_description/odom_to_tf.py
-- Installing: /home/raaid/linorobot2_ws/install/linorobot2_description/share/ament_index/resource_index/package_run_dependencies/linorobot2_description
-- Installing: /home/raaid/linorobot2_ws/install/linorobot2_description/share/ament_index/resource_index/parent_prefix_path/linorobot2_description
-- Installing: /home/raaid/linorobot2_ws/install/linorobot2_description/share/linorobot2_description/environment/ament_prefix_path.sh
-- Installing: /home/raaid/linorobot2_ws/install/linorobot2_description/share/linorobot2_description/environment/ament_prefix_path.dsv
-- Installing: /home/raaid/linorobot2_ws/install/linorobot2_description/share/linorobot2_description/environment/path.sh
-- Installing: /home/raaid/linorobot2_ws/install/linorobot2_description/share/linorobot2_description/environment/path.dsv
-- Installing: /home/raaid/linorobot2_ws/install/linorobot2_description/share/linorobot2_description/local_setup.bash
-- Installing: /home/raaid/linorobot2_ws/install/linorobot2_description/share/linorobot2_description/local_setup.sh
-- Installing: /home/raaid/linorobot2_ws/install/linorobot2_description/share/linorobot2_description/local_setup.zsh
-- Installing: /home/raaid/linorobot2_ws/install/linorobot2_description/share/linorobot2_description/local_setup.dsv
-- Installing: /home/raaid/linorobot2_ws/install/linorobot2_description/share/linorobot2_description/package.dsv
-- Installing: /home/raaid/linorobot2_ws/install/linorobot2_description/share/ament_index/resource_index/packages/linorobot2_description
-- Installing: /home/raaid/linorobot2_ws/install/linorobot2_description/share/linorobot2_description/cmake/linorobot2_descriptionConfig.cmake
-- Installing: /home/raaid/linorobot2_ws/install/linorobot2_description/share/linorobot2_description/cmake/linorobot2_descriptionConfig-version.cmake
-- Installing: /home/raaid/linorobot2_ws/install/linorobot2_description/share/linorobot2_description/package.xml
