[0.069s] Invoking command in '/home/raaid/linorobot2_ws/build/linorobot2_description': CMAKE_PREFIX_PATH=${CMAKE_PREFIX_PATH}:/home/raaid/ros2_ws/install/my_tf_pkg:/home/raaid/ros2_ws/install/my_py_pkg:/home/raaid/ros2_ws/src/install/my_tf_pkg:/home/raaid/ros2_ws/src/install/my_py_pkg:/home/raaid/microros_ws/install/sensor_msgs_py:/opt/ros/humble /usr/bin/cmake /home/raaid/linorobot2_ws/src/linorobot2/linorobot2_description -DCMAKE_INSTALL_PREFIX=/home/raaid/linorobot2_ws/install/linorobot2_description
[0.409s] -- The C compiler identification is GNU 11.4.0
[0.572s] -- The CXX compiler identification is GNU 11.4.0
[0.584s] -- Detecting C compiler ABI info
[1.669s] -- Detecting C compiler ABI info - done
[1.718s] -- Check for working C compiler: /usr/bin/cc - skipped
[1.718s] -- Detecting C compile features
[1.763s] -- Detecting C compile features - done
[1.789s] -- Detecting CXX compiler ABI info
[2.259s] -- Detecting CXX compiler ABI info - done
[2.291s] -- Check for working CXX compiler: /usr/bin/c++ - skipped
[2.291s] -- Detecting CXX compile features
[2.291s] -- Detecting CXX compile features - done
[2.314s] -- Found ament_cmake: 1.3.9 (/opt/ros/humble/share/ament_cmake/cmake)
[2.756s] -- Found Python3: /usr/bin/python3 (found version "3.10.12") found components: Interpreter 
[3.231s] -- Found rclpy: 3.3.13 (/opt/ros/humble/share/rclpy/cmake)
[3.237s] -- Found geometry_msgs: 4.2.3 (/home/raaid/microros_ws/install/geometry_msgs/share/geometry_msgs/cmake)
[3.378s] -- Found rosidl_generator_c: 3.1.5 (/opt/ros/humble/share/rosidl_generator_c/cmake)
[3.396s] -- Found rosidl_adapter: 3.1.5 (/opt/ros/humble/share/rosidl_adapter/cmake)
[3.421s] -- Found rosidl_generator_cpp: 3.1.5 (/opt/ros/humble/share/rosidl_generator_cpp/cmake)
[3.462s] -- Using all available rosidl_typesupport_c: rosidl_typesupport_microxrcedds_c;rosidl_typesupport_fastrtps_c;rosidl_typesupport_introspection_c
[3.552s] -- Using all available rosidl_typesupport_cpp: rosidl_typesupport_microxrcedds_cpp;rosidl_typesupport_fastrtps_cpp;rosidl_typesupport_introspection_cpp
[3.737s] -- Found nav_msgs: 4.2.3 (/home/raaid/microros_ws/install/nav_msgs/share/nav_msgs/cmake)
[3.820s] -- Found tf2_ros: 0.25.6 (/opt/ros/humble/share/tf2_ros/cmake)
[4.039s] -- Found rmw_implementation_cmake: 6.1.2 (/opt/ros/humble/share/rmw_implementation_cmake/cmake)
[4.057s] -- Found rmw_fastrtps_cpp: 6.2.6 (/opt/ros/humble/share/rmw_fastrtps_cpp/cmake)
[4.347s] -- Found OpenSSL: /usr/lib/x86_64-linux-gnu/libcrypto.so (found version "3.0.2")  
[4.392s] -- Found FastRTPS: /opt/ros/humble/include  
[4.457s] -- Using RMW implementation 'rmw_fastrtps_cpp' as default
[4.512s] -- Looking for pthread.h
[4.637s] -- Looking for pthread.h - found
[4.637s] -- Performing Test CMAKE_HAVE_LIBC_PTHREAD
[4.766s] -- Performing Test CMAKE_HAVE_LIBC_PTHREAD - Success
[4.766s] -- Found Threads: TRUE  
[5.411s] -- Found urdf: 2.6.0 (/opt/ros/humble/share/urdf/cmake)
[5.782s] -- Configuring done
[5.803s] -- Generating done
[5.818s] -- Build files have been written to: /home/raaid/linorobot2_ws/build/linorobot2_description
[5.848s] Invoked command in '/home/raaid/linorobot2_ws/build/linorobot2_description' returned '0': CMAKE_PREFIX_PATH=${CMAKE_PREFIX_PATH}:/home/raaid/ros2_ws/install/my_tf_pkg:/home/raaid/ros2_ws/install/my_py_pkg:/home/raaid/ros2_ws/src/install/my_tf_pkg:/home/raaid/ros2_ws/src/install/my_py_pkg:/home/raaid/microros_ws/install/sensor_msgs_py:/opt/ros/humble /usr/bin/cmake /home/raaid/linorobot2_ws/src/linorobot2/linorobot2_description -DCMAKE_INSTALL_PREFIX=/home/raaid/linorobot2_ws/install/linorobot2_description
[5.849s] Invoking command in '/home/raaid/linorobot2_ws/build/linorobot2_description': CMAKE_PREFIX_PATH=${CMAKE_PREFIX_PATH}:/home/raaid/ros2_ws/install/my_tf_pkg:/home/raaid/ros2_ws/install/my_py_pkg:/home/raaid/ros2_ws/src/install/my_tf_pkg:/home/raaid/ros2_ws/src/install/my_py_pkg:/home/raaid/microros_ws/install/sensor_msgs_py:/opt/ros/humble /usr/bin/cmake --build /home/raaid/linorobot2_ws/build/linorobot2_description -- -j7 -l7
[5.913s] Invoked command in '/home/raaid/linorobot2_ws/build/linorobot2_description' returned '0': CMAKE_PREFIX_PATH=${CMAKE_PREFIX_PATH}:/home/raaid/ros2_ws/install/my_tf_pkg:/home/raaid/ros2_ws/install/my_py_pkg:/home/raaid/ros2_ws/src/install/my_tf_pkg:/home/raaid/ros2_ws/src/install/my_py_pkg:/home/raaid/microros_ws/install/sensor_msgs_py:/opt/ros/humble /usr/bin/cmake --build /home/raaid/linorobot2_ws/build/linorobot2_description -- -j7 -l7
[5.997s] Invoking command in '/home/raaid/linorobot2_ws/build/linorobot2_description': CMAKE_PREFIX_PATH=${CMAKE_PREFIX_PATH}:/home/raaid/ros2_ws/install/my_tf_pkg:/home/raaid/ros2_ws/install/my_py_pkg:/home/raaid/ros2_ws/src/install/my_tf_pkg:/home/raaid/ros2_ws/src/install/my_py_pkg:/home/raaid/microros_ws/install/sensor_msgs_py:/opt/ros/humble /usr/bin/cmake --install /home/raaid/linorobot2_ws/build/linorobot2_description
[6.011s] -- Install configuration: ""
[6.011s] -- Installing: /home/raaid/linorobot2_ws/install/linorobot2_description/share/linorobot2_description/launch
[6.012s] -- Installing: /home/raaid/linorobot2_ws/install/linorobot2_description/share/linorobot2_description/launch/description.launch.py
[6.012s] -- Installing: /home/raaid/linorobot2_ws/install/linorobot2_description/share/linorobot2_description/urdf
[6.012s] -- Installing: /home/raaid/linorobot2_ws/install/linorobot2_description/share/linorobot2_description/urdf/robots
[6.012s] -- Installing: /home/raaid/linorobot2_ws/install/linorobot2_description/share/linorobot2_description/urdf/robots/4wd.urdf.xacro
[6.012s] -- Installing: /home/raaid/linorobot2_ws/install/linorobot2_description/share/linorobot2_description/urdf/robots/square.urdf.xacro
[6.012s] -- Installing: /home/raaid/linorobot2_ws/install/linorobot2_description/share/linorobot2_description/urdf/robots/2wd.urdf.xacro
[6.012s] -- Installing: /home/raaid/linorobot2_ws/install/linorobot2_description/share/linorobot2_description/urdf/robots/mecanum.urdf.xacro
[6.013s] -- Installing: /home/raaid/linorobot2_ws/install/linorobot2_description/share/linorobot2_description/urdf/2wd_properties.urdf.xacro
[6.013s] -- Installing: /home/raaid/linorobot2_ws/install/linorobot2_description/share/linorobot2_description/urdf/controllers
[6.013s] -- Installing: /home/raaid/linorobot2_ws/install/linorobot2_description/share/linorobot2_description/urdf/controllers/diff_drive.urdf.xacro
[6.013s] -- Installing: /home/raaid/linorobot2_ws/install/linorobot2_description/share/linorobot2_description/urdf/controllers/omni_drive.urdf.xacro
[6.013s] -- Installing: /home/raaid/linorobot2_ws/install/linorobot2_description/share/linorobot2_description/urdf/controllers/skid_steer.urdf.xacro
[6.013s] -- Installing: /home/raaid/linorobot2_ws/install/linorobot2_description/share/linorobot2_description/urdf/mecanum_properties.urdf.xacro
[6.014s] -- Installing: /home/raaid/linorobot2_ws/install/linorobot2_description/share/linorobot2_description/urdf/4wd_properties.urdf.xacro
[6.014s] -- Installing: /home/raaid/linorobot2_ws/install/linorobot2_description/share/linorobot2_description/urdf/mech
[6.014s] -- Installing: /home/raaid/linorobot2_ws/install/linorobot2_description/share/linorobot2_description/urdf/mech/base.urdf.xacro
[6.014s] -- Installing: /home/raaid/linorobot2_ws/install/linorobot2_description/share/linorobot2_description/urdf/mech/mecanum_wheel.urdf.xacro
[6.014s] -- Installing: /home/raaid/linorobot2_ws/install/linorobot2_description/share/linorobot2_description/urdf/mech/caster_wheel.urdf.xacro
[6.014s] -- Installing: /home/raaid/linorobot2_ws/install/linorobot2_description/share/linorobot2_description/urdf/mech/wheel.urdf.xacro
[6.014s] -- Installing: /home/raaid/linorobot2_ws/install/linorobot2_description/share/linorobot2_description/urdf/sensors
[6.015s] -- Installing: /home/raaid/linorobot2_ws/install/linorobot2_description/share/linorobot2_description/urdf/sensors/depth_sensor.urdf.xacro
[6.015s] -- Installing: /home/raaid/linorobot2_ws/install/linorobot2_description/share/linorobot2_description/urdf/sensors/generic_laser.urdf.xacro
[6.015s] -- Installing: /home/raaid/linorobot2_ws/install/linorobot2_description/share/linorobot2_description/urdf/sensors/laser.urdf.xacro
[6.016s] -- Installing: /home/raaid/linorobot2_ws/install/linorobot2_description/share/linorobot2_description/urdf/sensors/imu.urdf.xacro
[6.016s] -- Installing: /home/raaid/linorobot2_ws/install/linorobot2_description/share/linorobot2_description/rviz
[6.016s] -- Installing: /home/raaid/linorobot2_ws/install/linorobot2_description/share/linorobot2_description/rviz/description.rviz
[6.016s] -- Installing: /home/raaid/linorobot2_ws/install/linorobot2_description/lib/linorobot2_description/odom_to_tf.py
[6.017s] -- Installing: /home/raaid/linorobot2_ws/install/linorobot2_description/share/ament_index/resource_index/package_run_dependencies/linorobot2_description
[6.017s] -- Installing: /home/raaid/linorobot2_ws/install/linorobot2_description/share/ament_index/resource_index/parent_prefix_path/linorobot2_description
[6.018s] -- Installing: /home/raaid/linorobot2_ws/install/linorobot2_description/share/linorobot2_description/environment/ament_prefix_path.sh
[6.018s] -- Installing: /home/raaid/linorobot2_ws/install/linorobot2_description/share/linorobot2_description/environment/ament_prefix_path.dsv
[6.018s] -- Installing: /home/raaid/linorobot2_ws/install/linorobot2_description/share/linorobot2_description/environment/path.sh
[6.019s] -- Installing: /home/raaid/linorobot2_ws/install/linorobot2_description/share/linorobot2_description/environment/path.dsv
[6.019s] -- Installing: /home/raaid/linorobot2_ws/install/linorobot2_description/share/linorobot2_description/local_setup.bash
[6.020s] -- Installing: /home/raaid/linorobot2_ws/install/linorobot2_description/share/linorobot2_description/local_setup.sh
[6.020s] -- Installing: /home/raaid/linorobot2_ws/install/linorobot2_description/share/linorobot2_description/local_setup.zsh
[6.020s] -- Installing: /home/raaid/linorobot2_ws/install/linorobot2_description/share/linorobot2_description/local_setup.dsv
[6.020s] -- Installing: /home/raaid/linorobot2_ws/install/linorobot2_description/share/linorobot2_description/package.dsv
[6.021s] -- Installing: /home/raaid/linorobot2_ws/install/linorobot2_description/share/ament_index/resource_index/packages/linorobot2_description
[6.021s] -- Installing: /home/raaid/linorobot2_ws/install/linorobot2_description/share/linorobot2_description/cmake/linorobot2_descriptionConfig.cmake
[6.022s] -- Installing: /home/raaid/linorobot2_ws/install/linorobot2_description/share/linorobot2_description/cmake/linorobot2_descriptionConfig-version.cmake
[6.022s] -- Installing: /home/raaid/linorobot2_ws/install/linorobot2_description/share/linorobot2_description/package.xml
[6.027s] Invoked command in '/home/raaid/linorobot2_ws/build/linorobot2_description' returned '0': CMAKE_PREFIX_PATH=${CMAKE_PREFIX_PATH}:/home/raaid/ros2_ws/install/my_tf_pkg:/home/raaid/ros2_ws/install/my_py_pkg:/home/raaid/ros2_ws/src/install/my_tf_pkg:/home/raaid/ros2_ws/src/install/my_py_pkg:/home/raaid/microros_ws/install/sensor_msgs_py:/opt/ros/humble /usr/bin/cmake --install /home/raaid/linorobot2_ws/build/linorobot2_description
