[0.075s] Invoking command in '/home/raaid/linorobot2_ws/build/ldlidar_stl_ros2': CMAKE_PREFIX_PATH=${CMAKE_PREFIX_PATH}:/home/raaid/ros2_ws/install/my_tf_pkg:/home/raaid/ros2_ws/install/my_py_pkg:/home/raaid/ros2_ws/src/install/my_tf_pkg:/home/raaid/ros2_ws/src/install/my_py_pkg:/home/raaid/microros_ws/install/sensor_msgs_py:/opt/ros/humble /usr/bin/cmake /home/raaid/linorobot2_ws/src/ldlidar_stl_ros2 -DCMAKE_INSTALL_PREFIX=/home/raaid/linorobot2_ws/install/ldlidar_stl_ros2
[0.292s] -- The C compiler identification is GNU 11.4.0
[0.537s] -- The CXX compiler identification is GNU 11.4.0
[0.560s] -- Detecting C compiler ABI info
[1.203s] -- Detecting C compiler ABI info - done
[1.204s] -- Check for working C compiler: /usr/bin/cc - skipped
[1.204s] -- Detecting C compile features
[1.204s] -- Detecting C compile features - done
[1.244s] -- Detecting CXX compiler ABI info
[1.982s] -- Detecting CXX compiler ABI info - done
[2.016s] -- Check for working CXX compiler: /usr/bin/c++ - skipped
[2.017s] -- Detecting CXX compile features
[2.017s] -- Detecting CXX compile features - done
[2.066s] -- Found ament_cmake: 1.3.9 (/opt/ros/humble/share/ament_cmake/cmake)
[2.523s] -- Found Python3: /usr/bin/python3 (found version "3.10.12") found components: Interpreter 
[2.857s] -- Found rclcpp: 16.0.9 (/opt/ros/humble/share/rclcpp/cmake)
[3.017s] -- Found rosidl_generator_c: 3.1.5 (/opt/ros/humble/share/rosidl_generator_c/cmake)
[3.037s] -- Found rosidl_adapter: 3.1.5 (/opt/ros/humble/share/rosidl_adapter/cmake)
[3.057s] -- Found rosidl_generator_cpp: 3.1.5 (/opt/ros/humble/share/rosidl_generator_cpp/cmake)
[3.106s] -- Using all available rosidl_typesupport_c: rosidl_typesupport_microxrcedds_c;rosidl_typesupport_fastrtps_c;rosidl_typesupport_introspection_c
[3.228s] -- Using all available rosidl_typesupport_cpp: rosidl_typesupport_microxrcedds_cpp;rosidl_typesupport_fastrtps_cpp;rosidl_typesupport_introspection_cpp
[3.411s] -- Found rmw_implementation_cmake: 6.1.2 (/opt/ros/humble/share/rmw_implementation_cmake/cmake)
[3.427s] -- Found rmw_fastrtps_cpp: 6.2.6 (/opt/ros/humble/share/rmw_fastrtps_cpp/cmake)
[3.715s] -- Found OpenSSL: /usr/lib/x86_64-linux-gnu/libcrypto.so (found version "3.0.2")  
[3.760s] -- Found FastRTPS: /opt/ros/humble/include  
[3.834s] -- Using RMW implementation 'rmw_fastrtps_cpp' as default
[3.864s] -- Looking for pthread.h
[4.000s] -- Looking for pthread.h - found
[4.001s] -- Performing Test CMAKE_HAVE_LIBC_PTHREAD
[4.134s] -- Performing Test CMAKE_HAVE_LIBC_PTHREAD - Success
[4.135s] -- Found Threads: TRUE  
[4.369s] -- Found sensor_msgs: 4.2.3 (/home/raaid/microros_ws/install/sensor_msgs/share/sensor_msgs/cmake)
[4.519s] -- Found ament_lint_auto: 0.12.11 (/opt/ros/humble/share/ament_lint_auto/cmake)
[4.706s] -- Added test 'copyright' to check source files copyright and LICENSE
[4.711s] -- Added test 'cppcheck' to perform static code analysis on C / C++ code
[4.711s] -- Configured cppcheck include dirs: /home/raaid/linorobot2_ws/src/ldlidar_stl_ros2/include;/home/raaid/linorobot2_ws/src/ldlidar_stl_ros2/ldlidar_driver/include/core;/home/raaid/linorobot2_ws/src/ldlidar_stl_ros2/ldlidar_driver/include/dataprocess;/home/raaid/linorobot2_ws/src/ldlidar_stl_ros2/ldlidar_driver/include/filter;/home/raaid/linorobot2_ws/src/ldlidar_stl_ros2/ldlidar_driver/include/logger;/home/raaid/linorobot2_ws/src/ldlidar_stl_ros2/ldlidar_driver/include/networkcom;/home/raaid/linorobot2_ws/src/ldlidar_stl_ros2/ldlidar_driver/include/serialcom
[4.711s] -- Configured cppcheck exclude dirs and/or files: 
[4.717s] -- Added test 'cpplint' to check C / C++ code against the Google style
[4.717s] -- Configured cpplint exclude dirs and/or files: 
[4.719s] -- Added test 'flake8' to check Python code syntax and style conventions
[4.721s] -- Added test 'lint_cmake' to check CMake code style
[4.724s] -- Added test 'pep257' to check Python code against some of the docstring style conventions in PEP 257
[4.731s] -- Added test 'uncrustify' to check C / C++ code style
[4.731s] -- Configured uncrustify additional arguments: 
[4.733s] -- Added test 'xmllint' to check XML markup files
[4.738s] -- Configuring done
[4.753s] -- Generating done
[4.753s] -- Build files have been written to: /home/raaid/linorobot2_ws/build/ldlidar_stl_ros2
[4.773s] Invoked command in '/home/raaid/linorobot2_ws/build/ldlidar_stl_ros2' returned '0': CMAKE_PREFIX_PATH=${CMAKE_PREFIX_PATH}:/home/raaid/ros2_ws/install/my_tf_pkg:/home/raaid/ros2_ws/install/my_py_pkg:/home/raaid/ros2_ws/src/install/my_tf_pkg:/home/raaid/ros2_ws/src/install/my_py_pkg:/home/raaid/microros_ws/install/sensor_msgs_py:/opt/ros/humble /usr/bin/cmake /home/raaid/linorobot2_ws/src/ldlidar_stl_ros2 -DCMAKE_INSTALL_PREFIX=/home/raaid/linorobot2_ws/install/ldlidar_stl_ros2
[4.774s] Invoking command in '/home/raaid/linorobot2_ws/build/ldlidar_stl_ros2': CMAKE_PREFIX_PATH=${CMAKE_PREFIX_PATH}:/home/raaid/ros2_ws/install/my_tf_pkg:/home/raaid/ros2_ws/install/my_py_pkg:/home/raaid/ros2_ws/src/install/my_tf_pkg:/home/raaid/ros2_ws/src/install/my_py_pkg:/home/raaid/microros_ws/install/sensor_msgs_py:/opt/ros/humble /usr/bin/cmake --build /home/raaid/linorobot2_ws/build/ldlidar_stl_ros2 -- -j7 -l7
[4.865s] [ 25%] [32mBuilding CXX object CMakeFiles/ldlidar_stl_ros2_node.dir/src/demo.cpp.o[0m
[4.865s] [ 37%] [32mBuilding CXX object CMakeFiles/ldlidar_stl_ros2_node.dir/ldlidar_driver/src/core/ldlidar_driver.cpp.o[0m
[4.866s] [ 37%] [32mBuilding CXX object CMakeFiles/ldlidar_stl_ros2_node.dir/ldlidar_driver/src/dataprocess/lipkg.cpp.o[0m
[4.873s] [ 50%] [32mBuilding CXX object CMakeFiles/ldlidar_stl_ros2_node.dir/ldlidar_driver/src/networkcom/network_socket_interface_linux.cpp.o[0m
[4.874s] [ 62%] [32mBuilding CXX object CMakeFiles/ldlidar_stl_ros2_node.dir/ldlidar_driver/src/logger/log_module.cpp.o[0m
[4.886s] [ 75%] [32mBuilding CXX object CMakeFiles/ldlidar_stl_ros2_node.dir/ldlidar_driver/src/serialcom/serial_interface_linux.cpp.o[0m
[4.907s] [ 87%] [32mBuilding CXX object CMakeFiles/ldlidar_stl_ros2_node.dir/ldlidar_driver/src/filter/tofbf.cpp.o[0m
[9.835s] [100%] [32m[1mLinking CXX executable ldlidar_stl_ros2_node[0m
[10.146s] [100%] Built target ldlidar_stl_ros2_node
[10.162s] Invoked command in '/home/raaid/linorobot2_ws/build/ldlidar_stl_ros2' returned '0': CMAKE_PREFIX_PATH=${CMAKE_PREFIX_PATH}:/home/raaid/ros2_ws/install/my_tf_pkg:/home/raaid/ros2_ws/install/my_py_pkg:/home/raaid/ros2_ws/src/install/my_tf_pkg:/home/raaid/ros2_ws/src/install/my_py_pkg:/home/raaid/microros_ws/install/sensor_msgs_py:/opt/ros/humble /usr/bin/cmake --build /home/raaid/linorobot2_ws/build/ldlidar_stl_ros2 -- -j7 -l7
[10.374s] Invoking command in '/home/raaid/linorobot2_ws/build/ldlidar_stl_ros2': CMAKE_PREFIX_PATH=${CMAKE_PREFIX_PATH}:/home/raaid/ros2_ws/install/my_tf_pkg:/home/raaid/ros2_ws/install/my_py_pkg:/home/raaid/ros2_ws/src/install/my_tf_pkg:/home/raaid/ros2_ws/src/install/my_py_pkg:/home/raaid/microros_ws/install/sensor_msgs_py:/opt/ros/humble /usr/bin/cmake --install /home/raaid/linorobot2_ws/build/ldlidar_stl_ros2
[10.389s] -- Install configuration: ""
[10.390s] -- Installing: /home/raaid/linorobot2_ws/install/ldlidar_stl_ros2/lib/ldlidar_stl_ros2/ldlidar_stl_ros2_node
[10.392s] -- Set runtime path of "/home/raaid/linorobot2_ws/install/ldlidar_stl_ros2/lib/ldlidar_stl_ros2/ldlidar_stl_ros2_node" to ""
[10.392s] -- Installing: /home/raaid/linorobot2_ws/install/ldlidar_stl_ros2/share/ldlidar_stl_ros2//launch
[10.393s] -- Installing: /home/raaid/linorobot2_ws/install/ldlidar_stl_ros2/share/ldlidar_stl_ros2//launch/ld19.launch.py
[10.393s] -- Installing: /home/raaid/linorobot2_ws/install/ldlidar_stl_ros2/share/ldlidar_stl_ros2//launch/viewer_ld06.launch.py
[10.394s] -- Installing: /home/raaid/linorobot2_ws/install/ldlidar_stl_ros2/share/ldlidar_stl_ros2//launch/ld19_udp_server.launch.py
[10.395s] -- Installing: /home/raaid/linorobot2_ws/install/ldlidar_stl_ros2/share/ldlidar_stl_ros2//launch/viewer_ld19_udp_server.launch.py
[10.395s] -- Installing: /home/raaid/linorobot2_ws/install/ldlidar_stl_ros2/share/ldlidar_stl_ros2//launch/stl27l.launch.py
[10.395s] -- Installing: /home/raaid/linorobot2_ws/install/ldlidar_stl_ros2/share/ldlidar_stl_ros2//launch/viewer_ld19.launch.py
[10.395s] -- Installing: /home/raaid/linorobot2_ws/install/ldlidar_stl_ros2/share/ldlidar_stl_ros2//launch/viewer_stl27l.launch.py
[10.395s] -- Installing: /home/raaid/linorobot2_ws/install/ldlidar_stl_ros2/share/ldlidar_stl_ros2//launch/ld06.launch.py
[10.395s] -- Installing: /home/raaid/linorobot2_ws/install/ldlidar_stl_ros2/share/ldlidar_stl_ros2//rviz2
[10.395s] -- Installing: /home/raaid/linorobot2_ws/install/ldlidar_stl_ros2/share/ldlidar_stl_ros2//rviz2/ldlidar.rviz
[10.396s] -- Installing: /home/raaid/linorobot2_ws/install/ldlidar_stl_ros2/share/ament_index/resource_index/package_run_dependencies/ldlidar_stl_ros2
[10.396s] -- Installing: /home/raaid/linorobot2_ws/install/ldlidar_stl_ros2/share/ament_index/resource_index/parent_prefix_path/ldlidar_stl_ros2
[10.396s] -- Installing: /home/raaid/linorobot2_ws/install/ldlidar_stl_ros2/share/ldlidar_stl_ros2/environment/ament_prefix_path.sh
[10.396s] -- Installing: /home/raaid/linorobot2_ws/install/ldlidar_stl_ros2/share/ldlidar_stl_ros2/environment/ament_prefix_path.dsv
[10.396s] -- Installing: /home/raaid/linorobot2_ws/install/ldlidar_stl_ros2/share/ldlidar_stl_ros2/environment/path.sh
[10.396s] -- Installing: /home/raaid/linorobot2_ws/install/ldlidar_stl_ros2/share/ldlidar_stl_ros2/environment/path.dsv
[10.396s] -- Installing: /home/raaid/linorobot2_ws/install/ldlidar_stl_ros2/share/ldlidar_stl_ros2/local_setup.bash
[10.396s] -- Installing: /home/raaid/linorobot2_ws/install/ldlidar_stl_ros2/share/ldlidar_stl_ros2/local_setup.sh
[10.397s] -- Installing: /home/raaid/linorobot2_ws/install/ldlidar_stl_ros2/share/ldlidar_stl_ros2/local_setup.zsh
[10.397s] -- Installing: /home/raaid/linorobot2_ws/install/ldlidar_stl_ros2/share/ldlidar_stl_ros2/local_setup.dsv
[10.397s] -- Installing: /home/raaid/linorobot2_ws/install/ldlidar_stl_ros2/share/ldlidar_stl_ros2/package.dsv
[10.398s] -- Installing: /home/raaid/linorobot2_ws/install/ldlidar_stl_ros2/share/ament_index/resource_index/packages/ldlidar_stl_ros2
[10.413s] -- Installing: /home/raaid/linorobot2_ws/install/ldlidar_stl_ros2/share/ldlidar_stl_ros2/cmake/ldlidar_stl_ros2Config.cmake
[10.413s] -- Installing: /home/raaid/linorobot2_ws/install/ldlidar_stl_ros2/share/ldlidar_stl_ros2/cmake/ldlidar_stl_ros2Config-version.cmake
[10.430s] -- Installing: /home/raaid/linorobot2_ws/install/ldlidar_stl_ros2/share/ldlidar_stl_ros2/package.xml
[10.481s] Invoked command in '/home/raaid/linorobot2_ws/build/ldlidar_stl_ros2' returned '0': CMAKE_PREFIX_PATH=${CMAKE_PREFIX_PATH}:/home/raaid/ros2_ws/install/my_tf_pkg:/home/raaid/ros2_ws/install/my_py_pkg:/home/raaid/ros2_ws/src/install/my_tf_pkg:/home/raaid/ros2_ws/src/install/my_py_pkg:/home/raaid/microros_ws/install/sensor_msgs_py:/opt/ros/humble /usr/bin/cmake --install /home/raaid/linorobot2_ws/build/ldlidar_stl_ros2
