[0.094s] Invoking command in '/home/raaid/linorobot2_ws/build/linorobot2_navigation': CMAKE_PREFIX_PATH=${CMAKE_PREFIX_PATH}:/home/raaid/ros2_ws/install/my_tf_pkg:/home/raaid/ros2_ws/install/my_py_pkg:/home/raaid/ros2_ws/src/install/my_tf_pkg:/home/raaid/ros2_ws/src/install/my_py_pkg:/home/raaid/microros_ws/install/sensor_msgs_py:/opt/ros/humble /usr/bin/cmake --build /home/raaid/linorobot2_ws/build/linorobot2_navigation -- -j7 -l7
[0.206s] Invoked command in '/home/raaid/linorobot2_ws/build/linorobot2_navigation' returned '0': CMAKE_PREFIX_PATH=${CMAKE_PREFIX_PATH}:/home/raaid/ros2_ws/install/my_tf_pkg:/home/raaid/ros2_ws/install/my_py_pkg:/home/raaid/ros2_ws/src/install/my_tf_pkg:/home/raaid/ros2_ws/src/install/my_py_pkg:/home/raaid/microros_ws/install/sensor_msgs_py:/opt/ros/humble /usr/bin/cmake --build /home/raaid/linorobot2_ws/build/linorobot2_navigation -- -j7 -l7
[0.318s] Invoking command in '/home/raaid/linorobot2_ws/build/linorobot2_navigation': CMAKE_PREFIX_PATH=${CMAKE_PREFIX_PATH}:/home/raaid/ros2_ws/install/my_tf_pkg:/home/raaid/ros2_ws/install/my_py_pkg:/home/raaid/ros2_ws/src/install/my_tf_pkg:/home/raaid/ros2_ws/src/install/my_py_pkg:/home/raaid/microros_ws/install/sensor_msgs_py:/opt/ros/humble /usr/bin/cmake --install /home/raaid/linorobot2_ws/build/linorobot2_navigation
[0.336s] -- Install configuration: ""
[0.336s] -- Up-to-date: /home/raaid/linorobot2_ws/install/linorobot2_navigation/share/linorobot2_navigation/launch
[0.336s] -- Installing: /home/raaid/linorobot2_ws/install/linorobot2_navigation/share/linorobot2_navigation/launch/slam.launch.py
[0.336s] -- Up-to-date: /home/raaid/linorobot2_ws/install/linorobot2_navigation/share/linorobot2_navigation/launch/navigation.launch.py
[0.336s] -- Up-to-date: /home/raaid/linorobot2_ws/install/linorobot2_navigation/share/linorobot2_navigation/launch/3d_navigation.launch.py
[0.336s] -- Up-to-date: /home/raaid/linorobot2_ws/install/linorobot2_navigation/share/linorobot2_navigation/rviz
[0.351s] -- Up-to-date: /home/raaid/linorobot2_ws/install/linorobot2_navigation/share/linorobot2_navigation/rviz/linorobot2_navigation.rviz
[0.351s] -- Up-to-date: /home/raaid/linorobot2_ws/install/linorobot2_navigation/share/linorobot2_navigation/rviz/linorobot2_slam.rviz
[0.351s] -- Up-to-date: /home/raaid/linorobot2_ws/install/linorobot2_navigation/share/linorobot2_navigation/rviz/linorobot2_navigation_minimal.rviz
[0.351s] -- Up-to-date: /home/raaid/linorobot2_ws/install/linorobot2_navigation/share/linorobot2_navigation/config
[0.351s] -- Up-to-date: /home/raaid/linorobot2_ws/install/linorobot2_navigation/share/linorobot2_navigation/config/navigation_3d.yaml
[0.351s] -- Up-to-date: /home/raaid/linorobot2_ws/install/linorobot2_navigation/share/linorobot2_navigation/config/navigation.yaml
[0.352s] -- Up-to-date: /home/raaid/linorobot2_ws/install/linorobot2_navigation/share/linorobot2_navigation/config/slam.yaml
[0.352s] -- Up-to-date: /home/raaid/linorobot2_ws/install/linorobot2_navigation/share/linorobot2_navigation/maps
[0.355s] -- Up-to-date: /home/raaid/linorobot2_ws/install/linorobot2_navigation/share/linorobot2_navigation/maps/map1.yaml
[0.355s] -- Up-to-date: /home/raaid/linorobot2_ws/install/linorobot2_navigation/share/linorobot2_navigation/maps/playground.yaml
[0.358s] -- Up-to-date: /home/raaid/linorobot2_ws/install/linorobot2_navigation/share/linorobot2_navigation/maps/map1.pgm
[0.358s] -- Up-to-date: /home/raaid/linorobot2_ws/install/linorobot2_navigation/share/linorobot2_navigation/maps/playground.pgm
[0.359s] -- Up-to-date: /home/raaid/linorobot2_ws/install/linorobot2_navigation/share/ament_index/resource_index/package_run_dependencies/linorobot2_navigation
[0.359s] -- Up-to-date: /home/raaid/linorobot2_ws/install/linorobot2_navigation/share/ament_index/resource_index/parent_prefix_path/linorobot2_navigation
[0.359s] -- Up-to-date: /home/raaid/linorobot2_ws/install/linorobot2_navigation/share/linorobot2_navigation/environment/ament_prefix_path.sh
[0.359s] -- Up-to-date: /home/raaid/linorobot2_ws/install/linorobot2_navigation/share/linorobot2_navigation/environment/ament_prefix_path.dsv
[0.361s] -- Up-to-date: /home/raaid/linorobot2_ws/install/linorobot2_navigation/share/linorobot2_navigation/environment/path.sh
[0.361s] -- Up-to-date: /home/raaid/linorobot2_ws/install/linorobot2_navigation/share/linorobot2_navigation/environment/path.dsv
[0.361s] -- Up-to-date: /home/raaid/linorobot2_ws/install/linorobot2_navigation/share/linorobot2_navigation/local_setup.bash
[0.362s] -- Up-to-date: /home/raaid/linorobot2_ws/install/linorobot2_navigation/share/linorobot2_navigation/local_setup.sh
[0.363s] -- Up-to-date: /home/raaid/linorobot2_ws/install/linorobot2_navigation/share/linorobot2_navigation/local_setup.zsh
[0.363s] -- Up-to-date: /home/raaid/linorobot2_ws/install/linorobot2_navigation/share/linorobot2_navigation/local_setup.dsv
[0.364s] -- Installing: /home/raaid/linorobot2_ws/install/linorobot2_navigation/share/linorobot2_navigation/package.dsv
[0.364s] -- Up-to-date: /home/raaid/linorobot2_ws/install/linorobot2_navigation/share/ament_index/resource_index/packages/linorobot2_navigation
[0.364s] -- Up-to-date: /home/raaid/linorobot2_ws/install/linorobot2_navigation/share/linorobot2_navigation/cmake/linorobot2_navigationConfig.cmake
[0.364s] -- Up-to-date: /home/raaid/linorobot2_ws/install/linorobot2_navigation/share/linorobot2_navigation/cmake/linorobot2_navigationConfig-version.cmake
[0.364s] -- Up-to-date: /home/raaid/linorobot2_ws/install/linorobot2_navigation/share/linorobot2_navigation/package.xml
[0.383s] Invoked command in '/home/raaid/linorobot2_ws/build/linorobot2_navigation' returned '0': CMAKE_PREFIX_PATH=${CMAKE_PREFIX_PATH}:/home/raaid/ros2_ws/install/my_tf_pkg:/home/raaid/ros2_ws/install/my_py_pkg:/home/raaid/ros2_ws/src/install/my_tf_pkg:/home/raaid/ros2_ws/src/install/my_py_pkg:/home/raaid/microros_ws/install/sensor_msgs_py:/opt/ros/humble /usr/bin/cmake --install /home/raaid/linorobot2_ws/build/linorobot2_navigation
