[0.157s] Invoking command in '/home/raaid/linorobot2_ws/build/linorobot2_navigation': CMAKE_PREFIX_PATH=${CMAKE_PREFIX_PATH}:/home/raaid/ros2_ws/install/my_tf_pkg:/home/raaid/ros2_ws/install/my_py_pkg:/home/raaid/ros2_ws/src/install/my_tf_pkg:/home/raaid/ros2_ws/src/install/my_py_pkg:/home/raaid/microros_ws/install/sensor_msgs_py:/opt/ros/humble /usr/bin/cmake /home/raaid/linorobot2_ws/src/linorobot2/linorobot2_navigation -DCMAKE_INSTALL_PREFIX=/home/raaid/linorobot2_ws/install/linorobot2_navigation
[2.904s] -- The C compiler identification is GNU 11.4.0
[2.905s] -- The CXX compiler identification is GNU 11.4.0
[2.905s] -- Detecting C compiler ABI info
[2.905s] -- Detecting C compiler ABI info - done
[2.906s] -- Check for working C compiler: /usr/bin/cc - skipped
[2.906s] -- Detecting C compile features
[2.906s] -- Detecting C compile features - done
[2.906s] -- Detecting CXX compiler ABI info
[2.920s] -- Detecting CXX compiler ABI info - done
[2.920s] -- Check for working CXX compiler: /usr/bin/c++ - skipped
[2.920s] -- Detecting CXX compile features
[2.920s] -- Detecting CXX compile features - done
[2.920s] -- Found ament_cmake: 1.3.9 (/opt/ros/humble/share/ament_cmake/cmake)
[2.920s] -- Found Python3: /usr/bin/python3 (found version "3.10.12") found components: Interpreter 
[2.920s] -- Configuring done
[2.920s] -- Generating done
[2.920s] -- Build files have been written to: /home/raaid/linorobot2_ws/build/linorobot2_navigation
[2.929s] Invoked command in '/home/raaid/linorobot2_ws/build/linorobot2_navigation' returned '0': CMAKE_PREFIX_PATH=${CMAKE_PREFIX_PATH}:/home/raaid/ros2_ws/install/my_tf_pkg:/home/raaid/ros2_ws/install/my_py_pkg:/home/raaid/ros2_ws/src/install/my_tf_pkg:/home/raaid/ros2_ws/src/install/my_py_pkg:/home/raaid/microros_ws/install/sensor_msgs_py:/opt/ros/humble /usr/bin/cmake /home/raaid/linorobot2_ws/src/linorobot2/linorobot2_navigation -DCMAKE_INSTALL_PREFIX=/home/raaid/linorobot2_ws/install/linorobot2_navigation
[2.929s] Invoking command in '/home/raaid/linorobot2_ws/build/linorobot2_navigation': CMAKE_PREFIX_PATH=${CMAKE_PREFIX_PATH}:/home/raaid/ros2_ws/install/my_tf_pkg:/home/raaid/ros2_ws/install/my_py_pkg:/home/raaid/ros2_ws/src/install/my_tf_pkg:/home/raaid/ros2_ws/src/install/my_py_pkg:/home/raaid/microros_ws/install/sensor_msgs_py:/opt/ros/humble /usr/bin/cmake --build /home/raaid/linorobot2_ws/build/linorobot2_navigation -- -j7 -l7
[3.055s] Invoked command in '/home/raaid/linorobot2_ws/build/linorobot2_navigation' returned '0': CMAKE_PREFIX_PATH=${CMAKE_PREFIX_PATH}:/home/raaid/ros2_ws/install/my_tf_pkg:/home/raaid/ros2_ws/install/my_py_pkg:/home/raaid/ros2_ws/src/install/my_tf_pkg:/home/raaid/ros2_ws/src/install/my_py_pkg:/home/raaid/microros_ws/install/sensor_msgs_py:/opt/ros/humble /usr/bin/cmake --build /home/raaid/linorobot2_ws/build/linorobot2_navigation -- -j7 -l7
[3.241s] Invoking command in '/home/raaid/linorobot2_ws/build/linorobot2_navigation': CMAKE_PREFIX_PATH=${CMAKE_PREFIX_PATH}:/home/raaid/ros2_ws/install/my_tf_pkg:/home/raaid/ros2_ws/install/my_py_pkg:/home/raaid/ros2_ws/src/install/my_tf_pkg:/home/raaid/ros2_ws/src/install/my_py_pkg:/home/raaid/microros_ws/install/sensor_msgs_py:/opt/ros/humble /usr/bin/cmake --install /home/raaid/linorobot2_ws/build/linorobot2_navigation
[3.264s] -- Install configuration: ""
[3.267s] -- Installing: /home/raaid/linorobot2_ws/install/linorobot2_navigation/share/linorobot2_navigation/launch
[3.268s] -- Installing: /home/raaid/linorobot2_ws/install/linorobot2_navigation/share/linorobot2_navigation/launch/slam.launch.py
[3.268s] -- Installing: /home/raaid/linorobot2_ws/install/linorobot2_navigation/share/linorobot2_navigation/launch/navigation.launch.py
[3.268s] -- Installing: /home/raaid/linorobot2_ws/install/linorobot2_navigation/share/linorobot2_navigation/rviz
[3.268s] -- Installing: /home/raaid/linorobot2_ws/install/linorobot2_navigation/share/linorobot2_navigation/rviz/linorobot2_navigation.rviz
[3.268s] -- Installing: /home/raaid/linorobot2_ws/install/linorobot2_navigation/share/linorobot2_navigation/rviz/linorobot2_slam.rviz
[3.268s] -- Installing: /home/raaid/linorobot2_ws/install/linorobot2_navigation/share/linorobot2_navigation/rviz/linorobot2_navigation_minimal.rviz
[3.268s] -- Installing: /home/raaid/linorobot2_ws/install/linorobot2_navigation/share/linorobot2_navigation/config
[3.268s] -- Installing: /home/raaid/linorobot2_ws/install/linorobot2_navigation/share/linorobot2_navigation/config/navigation.yaml
[3.268s] -- Installing: /home/raaid/linorobot2_ws/install/linorobot2_navigation/share/linorobot2_navigation/config/slam.yaml
[3.268s] -- Installing: /home/raaid/linorobot2_ws/install/linorobot2_navigation/share/linorobot2_navigation/maps
[3.268s] -- Installing: /home/raaid/linorobot2_ws/install/linorobot2_navigation/share/linorobot2_navigation/maps/playground.yaml
[3.268s] -- Installing: /home/raaid/linorobot2_ws/install/linorobot2_navigation/share/linorobot2_navigation/maps/playground.pgm
[3.268s] -- Installing: /home/raaid/linorobot2_ws/install/linorobot2_navigation/share/ament_index/resource_index/package_run_dependencies/linorobot2_navigation
[3.268s] -- Installing: /home/raaid/linorobot2_ws/install/linorobot2_navigation/share/ament_index/resource_index/parent_prefix_path/linorobot2_navigation
[3.268s] -- Installing: /home/raaid/linorobot2_ws/install/linorobot2_navigation/share/linorobot2_navigation/environment/ament_prefix_path.sh
[3.268s] -- Installing: /home/raaid/linorobot2_ws/install/linorobot2_navigation/share/linorobot2_navigation/environment/ament_prefix_path.dsv
[3.268s] -- Installing: /home/raaid/linorobot2_ws/install/linorobot2_navigation/share/linorobot2_navigation/environment/path.sh
[3.268s] -- Installing: /home/raaid/linorobot2_ws/install/linorobot2_navigation/share/linorobot2_navigation/environment/path.dsv
[3.268s] -- Installing: /home/raaid/linorobot2_ws/install/linorobot2_navigation/share/linorobot2_navigation/local_setup.bash
[3.268s] -- Installing: /home/raaid/linorobot2_ws/install/linorobot2_navigation/share/linorobot2_navigation/local_setup.sh
[3.268s] -- Installing: /home/raaid/linorobot2_ws/install/linorobot2_navigation/share/linorobot2_navigation/local_setup.zsh
[3.268s] -- Installing: /home/raaid/linorobot2_ws/install/linorobot2_navigation/share/linorobot2_navigation/local_setup.dsv
[3.268s] -- Installing: /home/raaid/linorobot2_ws/install/linorobot2_navigation/share/linorobot2_navigation/package.dsv
[3.268s] -- Installing: /home/raaid/linorobot2_ws/install/linorobot2_navigation/share/ament_index/resource_index/packages/linorobot2_navigation
[3.268s] -- Installing: /home/raaid/linorobot2_ws/install/linorobot2_navigation/share/linorobot2_navigation/cmake/linorobot2_navigationConfig.cmake
[3.268s] -- Installing: /home/raaid/linorobot2_ws/install/linorobot2_navigation/share/linorobot2_navigation/cmake/linorobot2_navigationConfig-version.cmake
[3.272s] -- Installing: /home/raaid/linorobot2_ws/install/linorobot2_navigation/share/linorobot2_navigation/package.xml
[3.285s] Invoked command in '/home/raaid/linorobot2_ws/build/linorobot2_navigation' returned '0': CMAKE_PREFIX_PATH=${CMAKE_PREFIX_PATH}:/home/raaid/ros2_ws/install/my_tf_pkg:/home/raaid/ros2_ws/install/my_py_pkg:/home/raaid/ros2_ws/src/install/my_tf_pkg:/home/raaid/ros2_ws/src/install/my_py_pkg:/home/raaid/microros_ws/install/sensor_msgs_py:/opt/ros/humble /usr/bin/cmake --install /home/raaid/linorobot2_ws/build/linorobot2_navigation
